0 0 0 1 0 0.02921968
1.5 1.4982008592235 0.0519179569822752 0.997601145631336 0.0692239426430336 0.02921968
3 2.98921378709443 0.207422740693263 0.990416091529908 0.138115768971616 0.02921968
4.5 4.46588533786128 0.465768284473456 0.978479309492557 0.206344956068641 0.02921968
6 5.92113087152277 0.825715121650211 0.961848068722758 0.273584160167032 0.02921968
7.5 7.34796854386709 1.28553633213783 0.940602161069666 0.339510787149795 0.02921968
9 8.73955280332688 1.84302582769715 0.914843518210061 0.403808540262632 0.02921968
10.5 10.0892072339418 2.49550893610436 0.884695722609851 0.466168937613643 0.02921968
12 11.3904565868578 3.23985523344929 0.850303414611399 0.526292792179595 0.02921968
13.5 12.6370578466848 4.07249356299757 0.811831598491287 0.583891647218114 0.02921968
15 13.8230301836666 4.98942916856049 0.769464850817853 0.638689160199121 0.02921968
16.5 14.9426836479599 5.98626286017169 0.723406434906584 0.690422428615804 0.02921968
18 15.9906464683563 7.05821212011924 0.673877325621924 0.738843251314271 0.02921968
19.5 16.961890824476 8.20013404807274 0.621115149204241 0.78371931929039 0.02921968
21 17.8517569687854 9.40655003522109 0.565373043208334 0.824835330240738 0.02921968
22.5 18.655975582709 10.6716720490419 0.506918442023176 0.861994021520333 0.02921968
24 19.3706882595761 11.9894304025957 0.446031793799611 0.895017116551354 0.02921968
25.5 19.9924660161322 13.3535028751158 0.383005214941808 0.92374618014224 0.02921968
27 20.5183257438019 14.7573450441827 0.318141088617836 0.948043378613583 0.02921968
28.5 20.9457445207753 16.1942216839559 0.251750614013299 0.967792141083986 0.02921968
30 21.2726717162514 17.6572390788263 0.184152313288283 0.982897718743194 0.02921968
31.5 21.4975388287683 19.1393780974556 0.115670503400804 0.993287639429287 0.02921968
33 21.6192670114152 20.6335278685244 0.0466337401285085 0.99891205532901 0.02921968
34.5 21.6372722478269 22.1325198966209 -0.0226267582462561 0.999743982133059 0.02921968
36 21.5514681541233 23.6291624545949 -0.0917787000252852 0.995779428498937 0.02921968
37.5 21.3622663933543 25.1162750873693 -0.160490314333302 0.987037415200254 0.02921968
39 21.0705747004609 26.5867230616724 -0.228431942857986 0.973559883870595 0.02921968
40.5 20.6777925272265 28.0334515964102 -0.295277621454535 0.955411495779778 0.02921968
42 20.1858043281156 29.449519709451 -0.360706644026695 0.932679321607914 0.02921968
43.5 19.5969705192096 30.8281335184362 -0.424405101181195 0.905472423705648 0.02921968
45 18.9141161536186 32.162678835849 -0.486067386273591 0.873921332844758 0.02921968
46.5 18.1405173676984 33.4467529019597 -0.545397661619933 0.838177421969543 0.02921968
48 17.2798856631036 34.674195103402 -0.602111277839802 0.798412179953513 0.02921968
49.5 16.3363501000829 35.8391165300014 -0.655936139521135 0.754816388845731 0.02921968
51 15.314437487451 36.9359282280513 -0.706614010654759 0.707599208554105 0.02921968
52.5 14.2190506642783 37.9593680144847 -0.753901753575546 0.656987173357073 0.02921968
54 13.055444977497 38.9045257232961 -0.797572495466117 0.603223105058113 0.02921968
55.5 11.8292030682775 39.7668667630877 -0.837416716826537 0.546564947997458 0.02921968
57 10.5462080881417 40.5422538727185 -0.873243256687854 0.487284531510278 0.02921968
58.5 9.21261547331578 41.2269669706778 -0.904880229746747 0.425666265768706 0.02921968
60 7.83482341273985 41.8177210029528 -0.932175851021148 0.36200577726467 0.02921968
61.5 6.41944215142121 42.3116817037614 -0.954999164070379 0.296608490480088 0.02921968
63 4.97326227640392 42.7064791935333 -0.973240669286009 0.229788162549164 0.02921968
64.5 3.5032221375101 43.0002193489025 -0.986812849239082 0.161865377943044 0.02921968
66 2.01637455915835 43.1914928901589 -0.995650588563253 0.0931660103988947 0.02921968
67.5 0.519853002966396 43.2793821425626 -0.999711486359349 0.0240196594726331 0.02921968
69 -0.979162656520013 43.2634654390792 -0.998976059622531 -0.045241930783748 0.02921968
70.5 -2.47348057877397 43.1438191434163 -0.99344783671608 -0.114286463433514 0.02921968
72 -3.95593146164353 42.9210172836518 -0.983153340443337 -0.182782682919107 0.02921968
73.5 -5.4194029375753 42.5961287982151 -0.968141960799016 -0.250401964329827 0.02921968
75 -6.85687369668236 42.1707124074314 -0.948485718010395 -0.316819890048438 0.02921968
76.5 -8.26144717294409 41.6468091352358 -0.924278917005246 -0.381717806212403 0.02921968
78 -9.62638463192121 41.0269325169347 -0.895637694964251 -0.44478435152231 0.02921968
79.5 -10.9451375012409 40.314056539996 -0.862699464128647 -0.505716951062692 0.02921968
81 -12.2113787887396 39.5116013757227 -0.825622252536304 -0.564223267968345 0.02921968
82.5 -13.4190334375288 38.6234169702679 -0.784583945849236 -0.620022605971462 0.02921968
84 -14.5623074723482 37.6537645737138 -0.739781433909999 -0.67284725610057 0.02921968
85.5 -15.6357157973719 36.6072962958358 -0.691429666121579 -0.722443781070196 0.02921968
87 -16.6341085121001 35.4890327866338 -0.63976062018276 -0.768574231199154 0.02921968
88.5 -17.5526956190822 34.3043391487165 -0.585022189126692 -0.811017286023802 0.02921968
90 -18.387070004929 33.0588991971018 -0.527476992002319 -0.84956931612917 0.02921968
91.5 -19.1332285843592 31.7586881899272 -0.467401113904678 -0.884045360103579 0.02921968
93 -19.787591505837 30.4099441609023 -0.405082781399019 -0.914280011929624 0.02921968
94.5 -20.3470193266565 29.0191379910396 -0.340820979693701 -0.940128214554071 0.02921968
96 -20.808828075074 27.592942363252 -0.274924018196242 -0.961465955829343 0.02921968
97.5 -21.1708021272221 26.1381997487642 -0.207708051334581 -0.978190863487689 0.02921968
99 -21.4312048370282 24.6618895789283 -0.139495561740219 -0.990222696293506 0.02921968
100.5 -21.5887868681362 23.1710947599452 -0.070613813070478 -0.997503729017414 0.02921968
102 -21.6427921878587 21.6729676911433 -0.00139327989279222 -0.999999029385099 0.02921968
103.5 -21.5929616944013 20.1746959498503 0.0678339378360087 -0.997696625672183 0.02921968
105 -21.4395344599578 18.6834678074904 0.136735708088566 -0.990607564141077 0.02921968
106.5 -21.1832465837116 17.2064377423514 0.204981460239723 -0.978765856044228 0.02921968
108 -20.8253276602457 15.7506921144822 0.272243771048097 -0.962228314448037 0.02921968
109.5 -20.3674948803066 14.3232151674009 0.33819993553743 -0.941074281660315 0.02921968
111 -19.8119447922227 12.9308555197289 0.402533515241072 -0.915405248568996 0.02921968
112.5 -19.1613427635057 11.5802933075134 0.464935856381575 -0.885344367718421 0.02921968
114 -18.4188101931934 10.2780081348801 0.525107570701618 -0.8510358624593 0.02921968
115.5 -17.5879095362859 9.03024798678029 0.582759971841669 -0.812644335007078 0.02921968
117 -16.6726272121249 7.84299925297864 0.63761646037305 -0.770353976728453 0.02921968
118.5 -15.677354478714 6.72195800709867 0.689413850841435 -0.724367684444842 0.02921968
120 -14.6068663647424 5.67250267852064 0.737903634454004 -0.674906086992532 0.02921968
121.5 -13.4662987603877 4.69966824824391 0.782853171352246 -0.622206486709782 0.02921968
123 -12.2611237768109 3.80812209251458 0.824046806750246 -0.566521720929322 0.02921968
124.5 -10.9971234925605 3.00214159011373 0.861286905583534 -0.508118948938474 0.02921968
126 -9.68036221284445 2.28559360073985 0.894394800704557 -0.447278370226702 0.02921968
127.5 -8.31715737475932 1.66191591294227 0.923211650075619 -0.384291880170075 0.02921968
129 -6.91404923806757 1.13410075061301 0.947599198846711 -0.319461669602271 0.02921968
130.5 -5.47776950693603 0.704680417168071 0.96744044266201 -0.253098774990976 0.02921968
132 -4.01520903317999 0.375715146293214 0.982640189012706 -0.185521586175499 0.02921968
133.5 -2.53338475596327 0.14878321754279 0.993125513942925 -0.117054318825066 0.02921968
135 -1.03940603656785 0.0249733842141439 0.998846111917637 -0.0480254589464628 0.02921968
136.5 0.459559450250848 0.00487964982640292 0.999774537173956 0.0212338130961416 0.02921968
138 1.95632010467975 0.088598418264605 0.995906335397917 0.0903912114881278 0.02921968
139.5 3.44369490504942 0.275728031261936 0.987260065094979 0.15911493917498 0.02921968
141 4.91454786028445 0.565370695439105 0.97387720855172 0.227075279727913 0.02921968
142.5 6.36182224631017 0.956136789655487 0.955821972815907 0.293946179227264 0.02921968
144 7.77857446215944 1.44615153200661 0.933180981649786 0.359406810574232 0.02921968
145.5 9.15800734334765 2.03306397448167 0.906062859934495 0.423143112725853 0.02921968
147 10.4935027726882 2.71405828212737 0.874597712519527 0.484849297468408 0.02921968
148.5 11.778653432091 3.48586724260383 0.838936500017558 0.544229316500213 0.02921968
150 13.0072935430087 4.34478794131784 0.799250314539391 0.600998281785134 0.02921968
151.5 14.1735284480461 5.2866995269285 0.755729558843846 0.654883832362415 0.02921968
153 15.2717628918096 6.30708298199174 0.70858303284078 0.705627441055237 0.02921968
154.5 16.2967278653126 7.40104280388978 0.65803693182993 0.752985654808809 0.02921968
156 17.2435058851464 8.5633304920268 0.604333761281755 0.796731262707223 0.02921968
157.5 18.1075545861328 9.78836972860615 0.547731173366817 0.836654386065243 0.02921968
159 18.8847285142697 11.0702831321789 0.48850073081571 0.872563485365115 0.02921968
160.5 19.5712990154116 12.4029204556083 0.426926604040177 0.904286279207376 0.02921968
162 20.1639721242664 13.779888093164 0.363304207766243 0.931670570866839 0.02921968
163.5 20.6599043678814 15.1945797551802 0.2979387837204 0.954584978488143 0.02921968
165 21.0567164077983 16.6402081631095 0.231143936168713 0.972919565417631 0.02921968
166.5 21.352504455426 18.1098376129083 0.16324012733489 0.986586367647398 0.02921968
168 21.545849405864 19.5964172505246 0.0945531399158686 0.995519815840975 0.02921968
169.5 21.6358236463544 21.0928148998422 0.0254125140713315 0.999677049915908 0.02921968
171 21.6219955066974 22.5918512807846 -0.043850033614003 0.999038124673953 0.02921968
172.5 21.5044313302795 24.0863344534093 -0.112902201609936 0.993606105492327 0.02921968
174 21.283695155777 25.5690943227413 -0.181412697726741 0.983407053616917 0.02921968
175.5 20.9608460110629 27.0330170388 -0.2490528285586 0.968489901128019 0.02921968
177 20.5374328322999 28.4710791267798 -0.315498076458827 0.948926216178465 0.02921968
178.5 20.015487032595 29.8763811836365 -0.380429656481018 0.924809859630472 0.02921968
180 19.397512755872 31.2421809794133 -0.44353604581637 0.896256534738563 0.02921968
181.5 18.6864748627176 32.5619258044965 -0.50451447838939 0.863403232039051 0.02921968
183 17.8857847058446 33.8292839076078 -0.563072397441333 0.826407572109349 0.02921968
184.5 16.9992837634143 35.0381748737026 -0.618928859132323 0.785447049350343 0.02921968
186 16.0312252087441 36.1827987960303 -0.671815880428069 0.740718180419961 0.02921968
187.5 14.9862535048197 37.2576641023979 -0.72147972480441 0.69243556140348 0.02921968
189 13.8693821215154 38.2576139021335 -0.767682119601251 0.640830838244016 0.02921968
190.5 12.6859694824255 39.1778507273461 -0.810201399185391 0.586151595372761 0.02921968
192 11.4416932567082 40.0139595497789 -0.848833568437664 0.528660167870986 0.02921968
193.5 10.1425231192833 40.7619289628292 -0.883393281462107 0.46863238286274 0.02921968
195 8.79469211007058 41.4181704271087 -0.913714730821581 0.406356236176638 0.02921968
196.5 7.40466672967921 41.9795354872105 -0.939652443033568 0.342130510625764 0.02921968
198 5.97911591502187 42.4433308770809 -0.961081976509561 0.276263342534754 0.02921968
199.5 4.52487904369752 42.8073314415256 -0.977900518589565 0.209070743391462 0.02921968
201 3.04893312064988 43.0697908118561 -0.990027378807295 0.14087508371588 0.02921968
202.5 1.55835930452976 43.2294497844582 -0.997404376019526 0.0720035464202835 0.02921968
204 0.0603089343584061 43.2855423620841 -0.99999611754228 0.00278655708090749 0.02921968
205.5 -1.43803078051426 43.237799428884 -0.997790168954607 -0.0664438013477226 0.02921968
207 -2.9294712425467 43.0864500415457 -0.99079711375532 -0.135355381770085 0.02921968
208.5 -4.40685695480303 42.8322203303471 -0.97905050258645 -0.203617566494686 0.02921968
210 -5.86309985094315 42.476330015395 -0.962606692267036 -0.270902853441441 0.02921968
211.5 -7.29121330170057 42.0204865547629 -0.941544575409522 -0.336888427401273 0.02921968
213 -8.68434563469469 41.4668769526049 -0.915965201915981 -0.401257708809457 0.02921968
214.5 -10.0358130067593 40.8181572665462 -0.88599129417012 -0.463701872602166 0.02921968
216 -11.3391314710751 40.0774398646927 -0.851766658251022 -0.523921329869176 0.02921968
217.5 -12.5880480852585 39.2482784933951 -0.813455493993468 -0.5816271651942 0.02921968
219 -13.7765709111573 38.3346512274093 -0.771241607204955 -0.636542522786905 0.02921968
220.5 -14.8989977624252 37.3409413842519 -0.725327527818963 -0.688403934756354 0.02921968
222 -15.949943561951 36.2719164943197 -0.67593353821533 -0.736962585153211 0.02921968
223.5 -16.9243661778896 35.1327054276676 -0.623296616369548 -0.781985503716195 0.02921968
225 -17.8175906143429 33.9287737871838 -0.567669298901462 -0.823256683595536 0.02921968
226.5 -18.6253314406276 32.665897686219 -0.509318469478125 -0.860578117690927 0.02921968
228 -19.3437133515239 31.3501360364769 -0.448524078383689 -0.893770748631919 0.02921968
229.5 -19.9692897598613 29.9878014791206 -0.385577799399491 -0.922675327843031 0.02921968
231 -20.4990593322396 28.5854300985593 -0.320781630438193 -0.947153179572034 0.02921968
232.5 -20.9304803885526 27.1497500642185 -0.254446444645768 -0.967086866215816 0.02921968
234 -21.2614830962289 25.6876493507427 -0.186890498922684 -0.982380751751799 0.02921968
235.5 -21.4904794006859 24.2061426915001 -0.118437907019995 -0.992961460571719 0.02921968
237 -21.6163706443529 22.712337923934 -0.0494170845359647 -0.998778229516425 0.02921968
238.5 -21.6385528377101 21.2134018882296 0.0198408267263167 -0.999803151422726 0.02921968
240 -21.5569195570547 19.7165260429022 0.0890035474808573 -0.996031309013839 0.02921968
241.5 -21.3718624550906 18.2288919622736 0.157739255137996 -0.987480798491044 0.02921968
243 -21.0842693818927 16.7576368813702 0.225718175792539 -0.974192642713384 0.02921968
244.5 -20.6955201252611 15.3098194535487 0.292614166382909 -0.956230594381938 0.02921968
246 -20.207479790901 13.8923858851326 0.358106279430558 -0.933680830172925 0.02921968
247.5 -19.6224898541887 12.5121366095376 0.42188030285249 -0.906651537287116 0.02921968
249 -18.9433569264549 11.1756936607729 0.483630267459321 -0.875272394399152 0.02921968
250.5 -18.1733392896806 9.88946890285072 0.543059914906325 -0.839693949497038 0.02921968
252 -17.3161312642099 8.65963326753039 0.599884119054691 -0.80008689759674 0.02921968
253.5 -16.3758454844761 7.49208714798492 0.653830253923684 -0.756641261797221 0.02921968
255 -15.3569931677803 6.39243209043329 0.704639501670698 -0.709565481604954 0.02921968
256.5 -14.2644624707844 5.36594391955316 0.75206809432388 -0.659085412901884 0.02921968
258 -13.103495037559 4.41754742661073 0.795888483309858 -0.60544324435469 0.02921968
259.5 -11.8796608517025 3.55179274174664 0.835890431165522 -0.548896335464099 0.02921968
261 -10.5988315131813 2.77283350377684 0.871882020196135 -0.489715981828965 0.02921968
262.5 -9.26715206810377 2.08440693224336 0.903690573240533 -0.428186113549 0.02921968
264 -7.89101152657899 1.48981589732347 0.931163482125853 -0.364601933010859 0.02921968
265.5 -6.47701221010677 0.991913073620526 0.954168939837098 -0.299268498593065 0.02921968
267 -5.03193807556235 0.593087253862154 0.9725965728888 -0.232499261084764 0.02921968
268.5 -3.56272216774711 0.29525188816848 0.986357970864857 -0.164614559840135 0.02921968
270 -2.07641335665899 0.0998359038757777 0.995387110585963 -0.0959400858834686 0.02921968
271.5 -0.580142519067327 0.00777684995930163 0.999640672869587 -0.0268053193384994 0.02921968
273 0.91891167335696 0.0195163989463772 0.999098250362796 0.0424580513212669 0.02921968
274.5 2.41355719521715 0.134998227900257 0.99376244545079 0.111517720617239 0.02921968
276 3.8966231726338 0.353668288641166 0.983658857771417 0.180042360370639 0.02921968
277.5 5.36099428700904 0.674477465908096 0.968835961395563 0.2477032093186 0.02921968
279 6.79964491225273 1.09588661070826 0.949364872262685 0.314175650414949 0.02921968
280.5 8.20567282169017 1.61587392470565 0.925339006987239 0.379140768248246 0.02921968
282 9.57233230293533 2.23194466022062 0.89687363467298 0.442286879105042 0.02921968
283.5 10.8930665218541 2.94114308930256 0.864105323885372 0.503311026337549 0.02921968
285 12.1615389803447 3.74006668445178 0.827191287435386 0.561920433861403 0.02921968
286.5 13.3716639170099 4.62488244295536 0.786308628118231 0.617833910810038 0.02921968
288 14.5176355048678 5.59134527651781 0.741653489025716 0.670783200606561 0.02921968
289.5 15.5939557060187 6.63481837795824 0.693440112508833 0.720514267980681 0.02921968
291 16.5954606496294 7.7502954672607 0.641899812305352 0.766788517755941 0.02921968
292.5 17.5173454066813 8.93242481024757 0.587279863763885 0.809383939559881 0.02921968
294 18.3551870426208 10.1755348946413 0.529842317488781 0.848096172965141 0.02921968
295.5 19.1049658373106 11.4736616403286 0.469862742097655 0.882739487951272 0.02921968
297 19.7630845704765 12.8205770132796 0.407628902123422 0.913147675983274 0.02921968
298.5 20.3263857801219 14.2098189058408 0.343439377403884 0.939174847431741 0.02921968
300 20.7921669111118 15.6347221400462 0.277602130582632 0.960696131508805 0.02921968
301.5 21.1581932812443 17.0884504451992 0.210433029593984 0.977608275361813 0.02921968
303 21.4227088026052 18.5640292563084 0.14225433222063 0.989830139450433 0.02921968
304.5 21.5844444067667 20.0543791760191 0.0733931399946586 0.997303086830541 0.02921968
306 21.6426241334075 21.5523499394999 0.00417982885967481 0.999991264477198 0.02921968
307.5 21.5969688531447 23.0507547193306 -0.0650535358767496 0.99788177529702 0.02921968
309 21.4476976067153 24.5424046058069 -0.133974792695704 0.99098474000468 0.02921968
310.5 21.1955265540827 26.0201430972354 -0.202253277481161 0.979333248566661 0.02921968
312 20.8416655385092 27.4768804347443 -0.269561409950093 0.962983201445238 0.02921968
313.5 20.3878122820812 28.9056276168815 -0.335576265287261 0.94201304140434 0.02921968
315 19.8361442405325 30.2995299308077 -0.39998112344442 0.91652337716402 0.02921968
316.5 19.189308156446 31.6518998392126 -0.462466988670864 0.886636500709115 0.02921968
318 18.4504073609541 32.9562490651704 -0.522734071985035 0.852495800567923 0.02921968
319.5 17.6229868848592 34.2063197210032 -0.580493229474745 0.814265073875812 0.02921968
321 16.7110164506091 35.3961143318032 -0.635467349525445 0.772127740524265 0.02921968
322.5 15.7188714267242 36.5199246095707 -0.687392682321039 0.726285963165672 0.02921968
324 14.6513118360544 37.5723588399168 -0.736020105238687 0.6769596772958 0.02921968
325.5 13.5134595185755 38.5483677499392 -0.781116318066581 0.624385536067347 0.02921968
327 12.3107735582927 39.4432687331624 -0.822464962310418 0.568815774897043 0.02921968
328.5 11.0490240921461 40.2527683153204 -0.859867659218432 0.510517001313585 0.02921968
330 9.73426462657362 40.9729827531949 -0.893144961544868 0.44976891585237 0.02921968
331.5 8.37280299455077 41.6004566676845 -0.9221372144856 0.386862970133792 0.02921968
333 6.97117109244503 42.1321796217073 -0.946705321655379 0.322100968563255 0.02921968
334.5 5.53609354187967 42.5656005634009 -0.966731412431777 0.255793620361539 0.02921968
336 4.07445542695776 42.8986400653264 -0.982119407464101 0.188259048872462 0.02921968
337.5 2.59326926163408 43.1297003009555 -0.992795479634135 0.119821265299729 0.02921968
339 1.09964134571562 43.257672710577 -0.998708408257149 0.0508086141955495 0.02921968
340.5 -0.399262329095112 43.281943319843 -0.999829824823825 -0.0184478018408875 0.02921968
342 -1.89625045954106 43.2023956854394 -0.996154349104102 -0.0876157106972479 0.02921968
343.5 -3.3841409325891 43.0194114537468 -0.987699614959955 -0.156363264892869 0.02921968
345 -4.85579528311651 42.7338685298124 -0.974506185743259 -0.224360633686316 0.02921968
346.5 -6.30415294218743 42.3471368654173 -0.956637359684642 -0.291281585507215 0.02921968
348 -7.72226511160618 41.8610718864466 -0.934178866207013 -0.356805053120302 0.02921968
349.5 -9.103328102227 41.278005591097 -0.907238454620754 -0.420616674012511 0.02921968
351 -10.440715976073 40.6007353616281 -0.875945377173921 -0.482410298612745 0.02921968
352.5 -11.7280123356566 39.8325105433373 -0.840449768937599 -0.541889459108347 0.02921968
354 -12.959041107986 38.9770168551475 -0.80092192750156 -0.598768791811319 0.02921968
355.5 -14.1278961755642 38.0383587066014 -0.757551495936029 -0.652775406250179 0.02921968
357 -15.2289697122208 37.0210395060995 -0.710546552939469 -0.703650194418959 0.02921968
358.5 -16.2569790878286 35.9299400548588 -0.660132614537594 -0.751149073901953 0.02921968
360 -17.2069922128242 34.7702951302498 -0.606551552123156 -0.795044158910052 0.02921968
361.5 -18.0744512009371 33.5476683708595 -0.550060432027457 -0.835124853610386 0.02921968
363 -18.855194236601 32.2679255837739 -0.490930282190962 -0.871198862503794 0.02921968
364.5 -19.5454755421318 30.9372066021441 -0.42944479185018 -0.903093113002617 0.02921968
366 -20.1419833488789 29.5618958280552 -0.365898950479338 -0.930654585782566 0.02921968
367.5 -20.6418557861261 28.1485916020246 -0.300597632516803 -0.953751048924873 0.02921968
369 -21.0426946115134 26.7040745460861 -0.233854134666322 -0.972271692326516 0.02921968
370.5 -21.3425767171062 25.2352750323401 -0.165988672790691 -0.986127659334828 0.02921968
372 -21.5400633559062 23.7492399330471 -0.0973268456093154 -0.995252473055828 0.02921968
373.5 -21.6342070445409 22.2530988117869 -0.0281980725703833 -0.999602355291001 0.02921968
375 -21.624556109013 20.7540297178894 0.0410659866076956 -0.999156436572341 0.02921968
376.5 -21.5111568516999 19.2592247482442 0.11013302314302 -0.993916856287979 0.02921968
378 -21.2945533292094 17.7758555417147 0.178671673510942 -0.983908752418028 0.02921968
379.5 -20.9757847421539 16.3110388717038 0.246353109229748 -0.969180140929867 0.02921968
381 -20.5563804493687 14.8718025019477 0.312852614483935 -0.949801685411522 0.02921968
382.5 -20.0383526304936 13.4650514693528 0.377851144016116 -0.925866358048349 0.02921968
384 -19.4241866321216 12.0975349556394 0.441036853813241 -0.897488993569569 0.02921968
385.5 -18.7168290438292 10.7758139067337 0.502106597243343 -0.864805738304685 0.02921968
387 -17.9196735612981 9.5062295552604 0.560767379464781 -0.827973396993045 0.02921968
388.5 -17.0365447043519 8.29487299715533 0.616737763130152 -0.787168680480377 0.02921968
390 -16.0716794680237 7.14755596836133 0.669749218640713 -0.742587357911616 0.02921968
391.5 -15.0297069946883 6.06978296181194 0.719547412473183 -0.694443317487574 0.02921968
393 -13.915626364785 5.06672481847753 0.765893427397909 -0.642967540291642 0.02921968
394.5 -12.7347826126859 4.14319391917642 0.808564908734145 -0.588406992109835 0.02921968
396 -11.492841082778 3.30362109617338 0.847357131143051 -0.531023438560878 0.02921968
397.5 -10.1957602487906 2.55203437533697 0.882083980840235 -0.471092189221012 0.02921968
399 -8.84976312677379 1.89203965084458 0.912578848515484 -0.408900776768832 0.02921968
400.5 -7.46130741888039 1.32680338515252 0.93869542867571 -0.344747577487249 0.02921968
402 -6.03705453119155 0.859037417231351 0.960308421576088 -0.278940379740982 0.02921968
403.5 -4.58383761423067 0.490985951952387 0.977314134371741 -0.211794907297638 0.02921968
405 -3.10862877949751 0.224414793046385 0.989630978605805 -0.143633304577031 0.02921968
406.5 -1.61850564930785 0.0606028712915493 0.997199861647081 -0.0747825910960832 0.02921968
408 -0.120617400423086 0.000336108576161566 0.99998447019927 -0.00557309252443381 0.02921968
409.5 1.37784953561756 0.0439036472742717 0.997971444521592 0.063663144121914 0.02921968
411 2.86970595090245 0.191096463024804 0.991170442524929 0.132593943545462 0.02921968
412.5 4.34779435287314 0.44120836756956 0.979614093435983 0.200888595847546 0.02921968
414 5.80502330388893 0.793039396838796 0.963357841251749 0.268219443178102 0.02921968
415.5 7.23440144387927 1.24490156802932 0.942479678735368 0.334263451742601 0.02921968
417 8.62907103285297 1.79462697805435 0.917079773229565 0.398703761624106 0.02921968
418.5 9.98234085233733 2.43957820451108 0.887279986082911 0.461231206984861 0.02921968
420 11.2877183078954 3.17666095926518 0.85322328799457 0.521545799353936 0.02921968
421.5 12.5389405787033 4.00233893394403 0.815073073082527 0.579358166884534 0.02921968
423 13.7300046647398 4.9126507661143 0.773012374966194 0.634390942675828 0.02921968
424.5 14.8551961874328 5.90322904474509 0.727242988624424 0.686380095498564 0.02921968
426 15.9091168055826 6.96932126377401 0.677984502241969 0.735076196539998 0.02921968
427.5 16.886710115031 8.10581262324703 0.625473243689335 0.780245616090691 0.02921968
429 17.7832859078159 9.3072505686389 0.569961146690488 0.821671644431804 0.02921968
430.5 18.5945426744224 10.5678709506217 0.511714542118227 0.859155531545211 0.02921968
432 19.3165882411733 11.8816256797742 0.451012880216227 0.8925174406582 0.02921968
433.5 19.9459584437441 13.2422117435538 0.388147389878166 0.921597311047926 0.02921968
435 20.4796337472149 14.6431014463144 0.323419681416316 0.946255625966139 0.02921968
436.5 20.9150537329195 16.0775737272889 0.257140299523111 0.966374081999908 0.02921968
438 21.250129382588 17.5387464062815 0.189627233368164 0.98185615665694 0.02921968
439.5 21.4832531008482 19.0196092023635 0.121204390978852 0.992627571452378 0.02921968
441 21.6133064280003 20.5130573671593 0.0522000452239379 0.998636648275347 0.02921968
442.5 21.6396654060602 22.0119257713599 -0.0170547411440359 0.99985455732547 0.02921968
444 21.5622035723287 23.5090232809264 -0.0862277038314101 0.996275455429854 0.02921968
445.5 21.3812925661221 24.9971672580565 -0.154986971110713 0.987916514076938 0.02921968
447 21.0978003457556 26.4692180213887 -0.223002656044545 0.974817837032683 0.02921968
448.5 20.7130870243319 27.918113100114 -0.289948439187026 0.957042267934394 0.02921968
450 20.2289983443146 29.3369011176538 -0.355503134169444 0.934675088785244 0.02921968
451.5 19.6478568221933 30.7187751423398 -0.41935222865891 0.907823610796066 0.02921968
453 18.9724506057265 32.0571053450899 -0.481189393296921 0.876616659537419 0.02921968
454.5 18.20602009722 33.3454708073969 -0.540717951378402 0.841203956872021 0.02921968
456 17.3522424070211 34.5776903270256 -0.597652302220124 0.801755402632864 0.02921968
457.5 16.4152137118138 35.7478520736202 -0.651719291389601 0.758460259493296 0.02921968
459 15.3994296023562 36.8503419519451 -0.702659521220493 0.71152624493984 0.02921968
460.5 14.3097635149455 37.8798705366781 -0.750228595327058 0.661178534704198 0.02921968
462 13.1514433500901 38.831498449533 -0.794198291146829 0.607658682435672 0.02921968
463.5 11.9300263905655 39.7006600569576 -0.834357654885995 0.551223460797111 0.02921968
465 10.6513726391903 40.4831853747138 -0.870514013614257 0.492143629544464 0.02921968
466.5 9.32161670423955 41.1753200742474 -0.902493899653435 0.430702636500331 0.02921968
468 7.94713836738083 41.773743494863 -0.930143882824861 0.36719525765387 0.02921968
469.5 6.53453197534017 42.275584575287 -0.953331306562686 0.301926182911457 0.02921968
471 5.09057480214707 42.6784356281831 -0.971944924361447 0.235208554283262 0.02921968
472.5 3.62219453374769 42.9803638915348 -0.985895433504397 0.167362463519088 0.02921968
474 2.13643603098544 43.1799208014752 -0.995115903511931 0.098713416401388 0.02921968
475.5 0.640427530410592 43.2761489420737 -0.999562097254532 0.0295907710633273 0.02921968
477 -0.858653554922532 43.2685866387395 -0.999212683189633 -0.0396738421756081 0.02921968
478.5 -2.35361507059287 43.1572701732013 -0.994069337704146 -0.108748111875294 0.02921968
480 -3.83728462667471 42.9427336094385 -0.984156737071646 -0.177300639808468 0.02921968
481.5 -5.30254400877554 42.6260062313975 -0.969522439062797 -0.2450025309129 0.02921968
483 -6.7423633291554 42.2086076047873 -0.95023665477702 -0.311528971234103 0.02921968
484.5 -8.14983475408074 41.6925402866456 -0.926391911790091 -0.376560786288085 0.02921968
486 -9.51820564559864 41.0802802176539 -0.898102610233776 -0.439785972367557 0.02921968
487.5 -10.840910958727 40.3747648432946 -0.865504473937326 -0.500901193444848 0.02921968
489 -12.111604738628 39.5793790208436 -0.82875389926407 -0.55961323648981 0.02921968
490.5 -13.3241905666515 38.6979387798108 -0.78802720476722 -0.615640418220541 0.02921968
492 -14.4728508091755 37.7346730137421 -0.743519785264806 -0.668713936537723 0.02921968
493.5 -15.5520745289183 36.6942031912197 -0.695445174392251 -0.718579160158804 0.02921968
495 -16.5566839248101 35.5815211834021 -0.644034020130182 -0.76499685026473 0.02921968
496.5 -17.4818591735747 34.40196531448 -0.589532978222597 -0.807744308298112 0.02921968
498 -18.3231615538375 33.1611947499518 -0.532203528794451 -0.846616444406046 0.02921968
499.5 -19.076554741818 31.8651623455962 -0.472320721846171 -0.881426761401486 0.02921968
501 -19.7384241764355 30.5200860874033 -0.410171857643869 -0.912008249522437 0.02921968
502.5 -20.3055944009206 29.1324192594893 -0.346055108336342 -0.938214187696138 0.02921968
504 -20.7753442977319 27.7088194831192 -0.280278087411953 -0.959918847464044 0.02921968
505.5 -21.1454201436849 26.2561167753784 -0.213156373858706 -0.977018096190346 0.02921968
507 -21.41404642266 24.7812807807406 -0.14501199810818 -0.989429896660028 0.02921968
508.5 -21.5799343440116 23.2913873327434 -0.0761718970273134 -0.997094700669531 0.02921968
510 -21.64228802581 21.7935845062 -0.0069663453705397 -0.999975734721688 0.02921968
511.5 -21.6008083132512 20.2950583228181 0.0622726287822855 -0.998059176454255 0.02921968
513 -21.4556942139146 18.8029982747607 0.131212836999906 -0.991354220955576 0.02921968
514.5 -21.2076419429824 17.3245628315571 0.199523524243002 -0.979893036649232 0.02921968
516 -20.8578415830022 15.8668450958507 0.266876955730534 -0.963730610959309 0.02921968
517.5 -20.4079713742175 14.4368387727586 0.332949989315767 -0.942944486496757 0.02921968
519 -19.8601896628596 13.0414046161117 0.397425625828167 -0.917634389032523 0.02921968
520.5 -19.2171245460311 11.6872375125555 0.459994529943092 -0.887921749042355 0.02921968
522 -18.4818612628619 10.3808343614347 0.520356514282587 -0.853949119118743 0.02921968
523.5 -17.6579273924297 9.12846290456182 0.578221979626982 -0.815879490045102 0.02921968
525 -16.7492759294637 7.9361316554179 0.633313304327606 -0.773895508813464 0.02921968
526.5 -15.7602663190271 6.80956107205474 0.685366176254591 -0.728198602337413 0.02921968
528 -14.695643541169 5.75415611200337 0.734130860889491 -0.679008011064418 0.02921968
529.5 -13.5605153458928 4.77498030086204 0.779373399478758 -0.626559737124023 0.02921968
531 -12.360327747659 3.87673143897524 0.820876731499706 -0.571105412058371 0.02921968
532.5 -11.100838896994 3.06371906275595 0.858441736053668 -0.51291108956735 0.02921968
534 -9.78809145456115 2.33984376878511 0.891888187190078 -0.45225596906044 0.02921968
535.5 -8.42838360023502 1.70857849988533 0.921055618578087 -0.38943105613926 0.02921968
537 -7.0282388162685 1.1729518829528 0.945804093377278 -0.324737766437453 0.02921968
538.5 -5.59437458952513 0.735533698487504 0.966014875613873 -0.25848647951627 0.02921968
540 -4.13367018293372 0.39842255153493 0.981590999841346 -0.19099504975383 0.02921968
541.5 -2.65313363078841 0.163235803190258 0.992457736352398 -0.122587281372399 0.02921968
543 -1.15986811624137 0.0311018109709269 0.998562949710323 -0.0535913749200429 0.02921968
544.5 0.338962107701108 0.00265451528590416 0.99987734887965 0.0156616473400125 0.02921968
546 1.83616609017785 0.0780303979742515 0.996394627756002 0.0848395295777839 0.02921968
547.5 3.32456068256055 0.256867827505011 0.988131495420941 0.153610376463229 0.02921968
549 4.79700500110876 0.538308793979962 0.975127595976671 0.221644245503372 0.02921968
550.5 6.24643468685015 0.921003025615206 0.957445318345174 0.288614730010286 0.02921968
552 7.66589579831728 1.4031144669519 0.935169496944338 0.354200525105307 0.02921968
553.5 9.04857817453338 1.98233008771558 0.908407004677129 0.418086969246264 0.02921968
555 10.3878481081811 2.65587098006171 0.877286240186531 0.479967553881906 0.02921968
556.5 11.6772801721982 3.42050569096613 0.841956511836253 0.539545393990654 0.02921968
558 12.9106880471049 4.27256572579547 0.802587321372687 0.596534652448469 0.02921968
559.5 14.0821542011631 5.2079631486759 0.759367550704903 0.650661911392112 0.02921968
561 15.18605828097 6.22221019521881 0.712504555704259 0.701667483998423 0.02921968
562.5 16.2171040762767 7.31044080350716 0.662223171371326 0.749306660386056 0.02921968
564 17.1703449296625 8.46743396004337 0.608764633143044 0.793350881662216 0.02921968
565.5 18.0412074691563 9.68763874865128 0.552385419515356 0.833588836481659 0.02921968
567 18.8255135499433 10.9652009821553 0.493356021534085 0.869827474856974 0.02921968
568.5 19.5195002998872 12.2939912890651 0.431959645057688 0.901892934356201 0.02921968
570 20.1198381726939 13.6676345205154 0.368490852018024 0.929631374244131 0.02921968
571.5 20.623646922106 15.0795403363725 0.303254147198007 0.952909713565357 0.02921968
573 21.0285094204842 16.5229348237675 0.236562517306348 0.971616269627925 0.02921968
574.5 21.3324832554829 17.9908929963567 0.168735929358484 0.98566129382437 0.02921968
576 21.5341100491778 19.4763720183895 0.100099795568035 0.994977402219387 0.02921968
577.5 21.6324224549391 20.9722449941828 0.030983412113785 0.999519898838332 0.02921968
579 21.6269487984788 22.4713351608906 -0.0382816207274757 0.999266990105487 0.02921968
580.5 21.5177153408064 23.9664503205222 -0.107362989502493 0.994219889403289 0.02921968
582 21.305246152236 25.4504173460128 -0.175929261924709 0.984402811250876 0.02921968
583.5 20.9905605980501 26.9161165957984 -0.243651476989836 0.969862855129875 0.02921968
585 20.5751684478815 28.3565160717819 -0.310204723234947 0.950669779514807 0.02921968
586.5 20.0610626322785 29.7647051568122 -0.375269697569033 0.926915667192247 0.02921968
588 19.4507096812045 31.1339277698122 -0.438534237196238 0.898714483474432 0.02921968
589.5 18.7470378903458 32.4576147794882 -0.499694817282028 0.866201529426889 0.02921968
591 17.9534232720016 33.7294155211084 -0.558458007176947 0.829532792733328 0.02921968
592.5 17.0736733579604 34.9432282651425 -0.614541878211403 0.788884199312169 0.02921968
594 16.1120089320713 36.0932294915831 -0.66767735630731 0.744450769275231 0.02921968
595.5 15.073043780153 37.173901829498 -0.717609512917145 0.69644568127803 0.02921968
597 13.9617625543925 38.1800605277695 -0.764098788096867 0.645099249750688 0.02921968
598.5 12.7834968584363 39.1068783300198 -0.806922139844756 0.590657819916372 0.02921968
600 11.5438996679087 39.9499086343811 -0.845874114191968 0.533382585898673 0.02921968
