0 0 0 1 0 0.02921968
0.75 0.749774904914064 0.0129911757225573 0.999399746437504 0.0346431352601529 0.02921968
1.5 1.49864969971264 0.0519491068912124 0.997599706358694 0.069244681189594 0.02921968
2.25 2.24572535486884 0.116827024232022 0.994602040724509 0.103763098385899 0.02921968
3 2.99010500073574 0.207547041342965 0.990410348253903 0.138156947243281 0.02921968
3.75 3.73089500424479 0.324000248197118 0.985029661103552 0.172384937701129 0.02921968
4.5 4.46720604171864 0.466046841889927 0.978466438826717 0.206405978813026 0.02921968
5.25 5.1981541665106 0.633516294473581 0.970728560618504 0.240179228076717 0.02921968
6 5.92286187018885 0.826207557677035 0.961825315856835 0.273664140465827 0.02921968
6.75 6.64045913599159 1.04388930426589 0.951767392950482 0.306820517104453 0.02921968
7.5 7.35008448328836 1.28630020575239 0.940566866507556 0.339608553526201 0.02921968
8.25 8.05088600179364 1.55314924612211 0.928237182839856 0.371988887459732 0.02921968
9 8.74202237429126 1.8441160712008 0.914793143820473 0.403922646083449 0.02921968
9.75 9.4226638866417 2.15885137324182 0.90025088911404 0.435371492692598 0.02921968
10.5 10.0919934238598 2.49697731027258 0.884627876800944 0.466297672722751 0.02921968
11.25 10.7492074510672 2.85808795969652 0.867942862418782 0.496664059074432 0.02921968
12 11.3935169781416 3.24174980560611 0.8502158764462 0.526434196684467 0.02921968
12.75 12.024148506905 3.64750225922174 0.831468200256162 0.555572346290543 0.02921968
13.5 12.6403449597139 4.07485821183186 0.811722340567512 0.584043527336447 0.02921968
14.25 13.2413665883362 4.52330461957045 0.791002002425496 0.611813559966479 0.02921968
15 13.8264918620247 4.99230311932986 0.769332060743684 0.638849106058604 0.02921968
15.75 14.3950183337191 5.4812906750695 0.746738530441464 0.66511770924711 0.02921968
16.5 14.9462634833395 5.98968025374468 0.723248535212942 0.690587833886707 0.02921968
17.25 15.4795655371561 6.51686153004393 0.698890274964757 0.715228902911289 0.02921968
18 15.9942842622536 7.06220161908889 0.673692991961889 0.739011334541926 0.02921968
18.75 16.4898017351351 7.62504583621711 0.647686935722113 0.761906577799995 0.02921968
19.5 16.9655230835439 8.20471848293567 0.620903326701238 0.783887146782836 0.02921968
20.25 17.4208772006116 8.80052365810203 0.593374318812727 0.804926653660775 0.02921968
21 17.8553174304764 9.41174609335828 0.565132960826693 0.824999840355897 0.02921968
21.75 18.2683222245469 10.0376520118159 0.536213156694619 0.844082608864555 0.02921968
22.5 18.6593957676252 10.6774900089603 0.506649624847418 0.862152050187188 0.02921968
23.25 19.0280685731363 11.3304919547171 0.476477856515713 0.879186471830744 0.02921968
24 19.3738980467506 11.9958739155976 0.44573407312236 0.895165423850671 0.02921968
24.75 19.6964690177209 12.6728370958171 0.414455182798372 0.910069723401218 0.02921968
25.5 19.9953942372982 13.3605687962542 0.382678736074443 0.923881477764582 0.02921968
26.25 20.2703148436266 14.0582433901027 0.350442880801275 0.936584105831241 0.02921968
27 20.5209007925594 14.7650233140415 0.317786316352801 0.948162358005694 0.02921968
27.75 20.7468512538794 15.4800600737363 0.284748247167321 0.958602334513712 0.02921968
28.5 20.947894972448 16.2024952624624 0.251368335682288 0.967891502089112 0.02921968
29.25 21.1237905938486 16.9314615916283 0.21768665471927 0.976018709020034 0.02921968
30 21.2743269541344 17.666083931962 0.183743639376246 0.982974198536652 0.02921968
30.75 21.3993233333324 18.4054803641099 0.149580038484979 0.988749620524242 0.02921968
31.5 21.4986296723987 19.1487632373868 0.115236865691753 0.99333804154756 0.02921968
32.25 21.5721267533656 19.8950402354076 0.0807553502202035 0.996733953174473 0.02921968
33 21.619726342464 20.6434154473188 0.046176887375333 0.998933278588879 0.02921968
33.75 21.6413712960478 21.3929904433465 0.0115429888481584 0.999933377484946 0.02921968
34.5 21.6370356291961 22.1428653533672 -0.0231047671193721 0.999733049236825 0.02921968
35.25 21.6067245469078 22.8921399472085 -0.0577247856493546 0.998332534340005 0.02921968
36 21.5504744378532 23.639914715382 -0.0922755051628762 0.995733514122598 0.02921968
36.75 21.468352830689 24.3852919489505 -0.126715447274988 0.991939108726892 0.02921968
37.5 21.3604583129897 25.1273768172345 -0.161003266589799 0.986953873363601 0.02921968
38.25 21.2269204128926 25.865278442062 -0.195097800335922 0.980783792843298 0.02921968
39 21.0678994435981 26.5981109672751 -0.228958117782671 0.97343627439161 0.02921968
39.75 20.883586310913 27.3249946222058 -0.262543569377698 0.964920138756788 0.02921968
40.5 20.6742022840662 28.0450567778472 -0.295813835547065 0.95524560962034 0.02921968
41.25 20.4399987300738 28.7574329944511 -0.328728975099187 0.944424301323425 0.02921968
42 20.1812568119712 29.4612680592938 -0.361249473174511 0.932469204923755 0.02921968
42.75 19.8982871512745 30.1557170133651 -0.393336288683389 0.919394672599738 0.02921968
43.5 19.5914294550775 30.8399461657477 -0.424950901175184 0.905216400420584 0.02921968
44.25 19.2610521082309 31.5131340944691 -0.456055357082347 0.889951409503066 0.02921968
45 18.9075517310936 32.1744726326243 -0.486612315283941 0.873618025577542 0.02921968
45.75 18.5313527033869 32.8231678385863 -0.516585091933928 0.856235856987791 0.02921968
46.5 18.132906654724 33.4584409491384 -0.545937704500383 0.837825771151051 0.02921968
47.25 17.7126919224253 34.079529314385 -0.574634914962783 0.818409869506542 0.02921968
48 17.271212977271 34.6856873133184 -0.602642272115501 0.798011460982527 0.02921968
48.75 16.8089998178801 35.276187248942 -0.629926152926723 0.776655034013776 0.02921968
49.5 16.3266073344439 35.8503202218758 -0.656453802903137 0.75436622714303 0.02921968
50.25 15.8246146425758 36.4073969813951 -0.682193375411938 0.731171798241745 0.02921968
51 15.303624388079 36.9467487528809 -0.707113969912934 0.707099592387078 0.02921968
51.75 14.764262023466 37.4677280406887 -0.731185669054867 0.682178508433671 0.02921968
52.5 14.2071750570987 37.9697094054715 -0.754379574591407 0.656438464320372 0.02921968
53.25 13.6330322758493 38.4520902150242 -0.776667842073702 0.629910361153537 0.02921968
54 13.0425229422174 38.914291367748 -0.798023714277835 0.602626046110031 0.02921968
54.75 12.4363559668656 39.355757987866 -0.818421553327064 0.574618274204464 0.02921968
55.5 11.8152590575666 39.7759600915551 -0.837836871470277 0.545920668966563 0.02921968
56.25 11.1799778455854 40.174393223196 -0.856246360479708 0.516567682075888 0.02921968
57 10.5312749905432 40.5505790609753 -0.873627919632634 0.486594552002339 0.02921968
57.75 9.8699292648397 40.9040659911145 -0.889960682243449 0.456037261702129 0.02921968
58.5 9.19673461873055 41.2344296500353 -0.905225040714267 0.424932495419983 0.02921968
59.25 8.51249922718496 41.5412734338114 -0.919402670073986 0.393317594649445 0.02921968
60 7.81804451966563 41.824228974294 -0.932476549977545 0.361230513304146 0.02921968
60.75 7.11420419399694 42.0829565813407 -0.944430985138966 0.32870977215386 0.02921968
61.5 6.40182321550471 42.3171456506159 -0.955251624173665 0.295794412580048 0.02921968
62.25 5.68175680262931 42.5265150364733 -0.964925476827383 0.262523949706401 0.02921968
63 4.95486940022989 42.7108133894735 -0.973440929571082 0.228938324960651 0.02921968
63.75 4.22203364181208 42.8698194581305 -0.980787759543072 0.195077858124602 0.02921968
64.5 3.48412930192532 43.0033423545259 -0.986957146821625 0.160983198929945 0.02921968
65.25 2.7420422399872 43.1112217834714 -0.991941685013356 0.126695278257969 0.02921968
66 1.99666333680295 43.1933282349438 -0.995735390144652 0.0922552590017417 0.02921968
66.75 1.24888742505665 43.2495631395631 -0.998333707845472 0.0577044866497645 0.02921968
67.5 0.499612215058263 43.2798589869257 -0.999733518816903 0.0230844396504203 0.02921968
68.25 -0.250262782964039 43.2841794066509 -0.999933142575901 -0.0115633203832007 0.02921968
69 -0.999837338732271 43.2625192120441 -0.99893233947272 -0.0461971985683131 0.02921968
69.75 -1.74821158265152 43.2149044063232 -0.996732310978616 -0.0807756166873895 0.02921968
70.5 -2.49448708610981 43.1413921514017 -0.993335698243473 -0.115257063103107 0.02921968
71.25 -3.23776794004801 43.0420706992655 -0.988746578925078 -0.149600142593364 0.02921968
72 -3.97716183050512 42.9170592860256 -0.982970462293873 -0.183763626046537 0.02921968
72.75 -4.71178110984746 42.7665079887741 -0.976014282619026 -0.217706499957327 0.02921968
73.5 -5.44074386239602 42.5905975454162 -0.9678863908438 -0.251388015663761 0.02921968
74.25 -6.16317496317251 42.3895391376925 -0.958596544560184 -0.284767738266253 0.02921968
75 -6.87820712849314 42.1635741376539 -0.948155896294829 -0.317805595169988 0.02921968
75.75 -7.58498195714884 41.912973817893 -0.936576980120369 -0.35046192419236 0.02921968
76.5 -8.28265096092204 41.6380390258792 -0.92387369660817 -0.382697521177699 0.02921968
77.25 -8.97037658320283 41.3390998227893 -0.9100612961406 -0.414473687062148 0.02921968
78 -9.64733320448162 41.0165150872664 -0.895156360602834 -0.445752274332157 0.02921968
78.75 -10.3127081335112 40.670672084584 -0.879176783476181 -0.476495732820849 0.02921968
79.5 -10.9657025829486 40.301986001731 -0.862141748356837 -0.50666715478726 0.02921968
80.25 -11.6055326283046 39.9108994489767 -0.844071705925837 -0.53623031922435 0.02921968
81 -12.231430149051 39.4978819285141 -0.824988349397869 -0.565149735342574 0.02921968
81.75 -12.8426437507546 39.0634292708193 -0.804914588478412 -0.593390685176831 0.02921968
82.5 -13.4384396671317 38.6080630394034 -0.783874521860477 -0.620919265265629 0.02921968
83.25 -14.0181026409396 38.1323299046716 -0.761893408293948 -0.647702427352431 0.02921968
84 -14.5809367826482 37.6368009876418 -0.738997636262278 -0.673708018060322 0.02921968
84.75 -15.1262664058602 37.1220711743095 -0.715214692302922 -0.698904817492366 0.02921968
85.5 -15.6534368384773 36.5887584014832 -0.690573128009557 -0.723262576711319 0.02921968
86.25 -16.1618152086393 36.0375029149463 -0.665102525755688 -0.74675205405369 0.02921968
87 -16.6507912044905 35.4689665008382 -0.638833463180799 -0.769345050234567 0.02921968
87.75 -17.1197778068639 34.8838316911748 -0.611797476481677 -0.791014442201059 0.02921968
88.5 -17.5682119940019 34.2828009444643 -0.584027022552987 -0.811734215693717 0.02921968
89.25 -17.9955554174677 33.6665958024003 -0.555555440022534 -0.831479496476834 0.02921968
90 -18.4012950484367 33.0359560236465 -0.526416909228006 -0.850226580200146 0.02921968
90.75 -18.7849437935909 32.3916386957504 -0.496646411183232 -0.867952960856069 0.02921968
91.5 -19.1460410798783 31.734417326255 -0.466279685583232 -0.884637357798326 0.02921968
92.25 -19.484153407434 31.065080914097 -0.435353187898449 -0.900259741289512 0.02921968
93 -19.7988748699995 30.3844330024084 -0.403904045609706 -0.914801356546935 0.02921968
93.75 -20.0898276422168 29.6932907138566 -0.371970013636395 -0.928244746257872 0.02921968
94.5 -20.3566624332097 28.9924837696834 -0.33958942901143 -0.940573771537188 0.02921968
95.25 -20.5990589059105 28.2828534936187 -0.306801164857365 -0.951773631302194 0.02921968
96 -20.8167260616266 27.5652518018648 -0.273644583718933 -0.961830880041441 0.02921968
96.75 -21.0094025893868 26.8405401803657 -0.24015949030803 -0.97073344395616 0.02921968
97.5 -21.1768571796465 26.1095886505865 -0.206386083717878 -0.978470635454942 0.02921968
98.25 -21.3188888019771 25.3732747250468 -0.172364909163723 -0.985033165984264 0.02921968
99 -21.435326946404 24.6324823538604 -0.138136809308019 -0.990413157179467 0.02921968
99.75 -21.5260318281052 23.8881008635471 -0.103742875228517 -0.994604150322791 0.02921968
100.5 -21.5908945552239 23.1410238893896 -0.0692243970881353 -0.997601114097105 0.02921968
101.25 -21.6298372595942 22.3921483026184 -0.0346228145658262 -0.999400450626045 0.02921968
102 -21.6428131902218 21.6423731337112 2.03328920564266e-05 -0.999999999793287 0.02921968
102.75 -21.6298067694097 20.8925984931003 0.0346634559401573 -0.999399041835785 0.02921968
103.5 -21.5908336114588 20.1437244905839 0.0692649652624251 -0.997598298207849 0.02921968
104.25 -21.5259405039227 19.3966501547378 0.103783321500383 -0.994599930715033 0.02921968
105 -21.4352053514395 18.6522723536251 0.138177085121424 -0.990407538918877 0.02921968
105.75 -21.3187370822063 17.9114847180997 0.172404966167267 -0.985026155815603 0.02921968
106.5 -21.17667551721 17.1751765689961 0.206425873822841 -0.978462241793968 0.02921968
107.25 -21.0091912023716 16.4442318494935 0.240198965746108 -0.970723676879523 0.02921968
108 -20.8164852038045 15.7195280639357 0.273683697099582 -0.961819751274585 0.02921968
108.75 -20.5987888664329 15.0019352243808 0.306839869224693 -0.951761154205284 0.02921968
109.5 -20.3563635362609 14.2923148061454 0.339627677900568 -0.940559961089068 0.02921968
110.25 -20.0895002466247 13.5915187135977 0.372007761129278 -0.928229619038082 0.02921968
111 -19.7985193688049 12.90038825744 0.403941246390201 -0.914784930715812 0.02921968
111.75 -19.4837702274186 12.2197531447092 0.435389797306753 -0.900242036566381 0.02921968
112.5 -19.1456306810525 11.5504304827076 0.46631565966949 -0.884618395437835 0.02921968
113.25 -18.7845066686413 10.8932237980599 0.496681706760298 -0.867932763622666 0.02921968
114 -18.400831722135 10.2489220720736 0.526451483923287 -0.850205172340754 0.02921968
114.75 -17.9950664460404 9.61829879356146 0.555589252328863 -0.831456903691741 0.02921968
115.5 -17.5676979644627 9.00211103026241 0.584060031878448 -0.811710465105722 0.02921968
116.25 -17.1192393363089 8.40109851997667 0.611829643198341 -0.790989562322912 0.02921968
117 -16.6502289393574 7.81598278250505 0.638864748672292 -0.769319070934739 0.02921968
117.75 -16.1612298239315 7.24746625345933 0.665132892463556 -0.746725006520517 0.02921968
118.5 -15.6528290369532 6.6962314409833 0.69060253947835 -0.723234493415556 0.02921968
119.25 -15.1256369171899 6.16294010639689 0.715243113223962 -0.69887573214821 0.02921968
120 -14.5802863625374 5.64823246974696 0.739025032516047 -0.673677965584935 0.02921968
120.75 -14.0174320702222 5.1527264412186 0.761919746991049 -0.647671443824025 0.02921968
121.5 -13.4377497508326 4.67701687932954 0.783899771381116 -0.62088738788015 0.02921968
122.25 -12.8419353171233 4.22167487679824 0.80493871851036 -0.593357952203307 0.02921968
123 -12.2307040485671 3.78724707494306 0.825011330972849 -0.565116186077173 0.02921968
123.75 -11.604789732657 3.37425500743542 0.844093511454306 -0.536195993943204 0.02921968
124.5 -10.9649437839887 2.98319447419493 0.862162351661102 -0.506632094698115 0.02921968
125.25 -10.3119343421826 2.61453494617804 0.879196159821829 -0.47645998001359 0.02921968
126 -9.64654534972624 2.26871900177483 0.895174486728423 -0.445715871728286 0.02921968
126.75 -8.96957561084598 1.94616179549051 0.910078150285589 -0.414436678363249 0.02921968
127.5 -8.28183783253675 1.64725055954942 0.923889258539036 -0.382659950812979 0.02921968
128.25 -7.58415764890152 1.37234413902006 0.936591231154904 -0.350423837265308 0.0292196800000001
129 -6.87737262997172 1.12177256101899 0.948168819324564 -0.317767037404234 0.0292196800000001
129.75 -6.16233127619841 0.895836638510899 0.95860812407093 -0.284728755950668 0.0292196800000001
130.5 -5.43989199982146 0.694807609180564 0.967896612934273 -0.251348655596893 0.0292196800000001
131.25 -4.71092209433953 0.518926809810023 0.976023135017531 -0.217666809391216 0.0292196800000001
132 -3.97629669331806 0.36840538655207 0.982977934373044 -0.183723652629991 0.0292196800000001
132.75 -3.23689771978518 0.243424041447791 0.988752661714632 -0.149559934314754 0.0292196800000001
133.5 -2.49361282747683 0.144132815492474 0.993340384440975 -0.115216668232758 0.0292196800000001
134.25 -1.74733433520212 0.0706509085103278 0.996735594958255 -0.0807350837196316 0.0292196800000001
135 -0.998958155608255 0.0230665360542425 0.998934217292053 -0.0461565761632627 0.0292196800000001
135.75 -0.249382719631012 0.0014368235023898 0.999933611980594 -0.0115226573083445 0.0292196800000001
136.5 0.500492102077997 0.00578773747879986 0.999732579243432 0.0231250945787713 0.0292196800000001
137.25 1.24976607945246 0.0361140546802437 0.998331360421801 0.0577450846250791 0.0292196800000001
138 1.99753970374397 0.0923793681468463 0.995731637688881 0.0922957512858611 0.0292196800000001
138.75 2.74291526738867 0.174516130968901 0.991936532030334 0.126735616239618 0.0292196800000001
139.5 3.48499794171163 0.282425737377416 0.986950599497545 0.161023334183089 0.0292196800000001
140.25 4.22289685117497 0.415978641121043 0.980779825738043 0.195117742466583 0.0292196800000001
141 4.95572614288037 0.575014510987274 0.973431618809694 0.228977910510033 0.0292196800000001
141.75 5.68260605004173 0.759342423281206 0.964914800287271 0.262563188940451 0.0292196800000001
142.5 6.40266394815149 0.968741091030794 0.955239594672092 0.295833258391784 0.02921968
143.25 7.11503540257257 1.20295912964344 0.944417617117434 0.328748177908608 0.02921968
144 7.81886520629827 1.46171535869499 0.932461859484458 0.361268432895525 0.02921968
144.75 8.51330840663447 1.74469913948883 0.919386674745387 0.393354982554716 0.02921968
145.5 9.19753131957123 2.05157074797986 0.905207759752662 0.424969306754699 0.02921968
146.25 9.87071253062652 2.38196178261563 0.889942136394755 0.456073452274019 0.02921968
147 10.53204388096 2.73547560660502 0.873608131161274 0.486630078364364 0.02921968
147.75 11.1807314375737 3.11168782408356 0.856225353141884 0.516602501578398 0.02921968
148.5 11.815996446434 3.51014678960365 0.837814670485447 0.545954739808497 0.02921968
149.25 12.4370762673714 3.93037415033816 0.818398185347669 0.574651555483533 0.0292196800000001
150 13.0432252896357 4.37186542034642 0.7979992073573 0.602658497871823 0.0292196800000001
150.75 13.633715827007 4.83409058621316 0.776642225632761 0.629941944439481 0.02921968
151.5 14.2078389913878 5.3164947433334 0.754352879382779 0.656469141214507 0.02921968
152.25 14.7649055438288 5.8184987620794 0.731157927126339 0.682208242108168 0.02921968
153 15.3042467219645 6.33949998304989 0.70708521456889 0.707128347146449 0.02921968
153.75 15.8252150428678 6.87887294056694 0.682163641173374 0.731199539565696 0.02921968
154.5 16.3271850803577 7.43597011355204 0.656423125466218 0.754392921727904 0.02921968
155.25 16.8095542158275 8.0101227028797 0.62989456911993 0.776680649812533 0.02921968
156 17.2717433616932 8.60064143427561 0.60260981985542 0.798035967243219 0.02921968
156.75 17.7131976565922 9.20681738579528 0.574601633208583 0.818433236809228 0.02921968
157.5 18.1333871314981 9.8279228388899 0.545903633207046 0.837847971443118 0.02921968
158.25 18.5318073459523 10.4632121520377 0.516550272004285 0.85625686361763 0.02921968
159 18.9079799936488 11.1119226558917 0.486576788519566 0.873637813326544 0.02921968
159.75 19.2614534766436 11.7732755688702 0.456019166133374 0.889969954615898 0.02921968
160.5 19.5918034475021 12.4464769320888 0.424914089489105 0.905233680633706 0.02921968
161.25 19.8986333187303 13.1307185625145 0.393298900452895 0.919410667168129 0.02921968
162 20.1815747388818 13.8251790231947 0.361211553284439 0.932483894645824 0.02921968
162.75 20.4402880347657 14.5290246093984 0.328690569072636 0.944437668564055 0.02921968
163.5 20.674462619227 15.2414103494844 0.295774989490743 0.955257638332064 0.02921968
164.25 20.8838173640085 15.9614810192961 0.262504329926572 0.964930814499051 0.02921968
165 21.0681009372474 16.6883721688638 0.228918532043983 0.973445584348108 0.02921968
165.75 21.2270921052012 17.4212111601833 0.195057915832632 0.980791725837362 0.02921968
166.5 21.3605999978397 18.1591182148242 0.160963131203538 0.986960419871614 0.02921968
167.25 21.4684643379868 18.9012074701097 0.126675109188573 0.991944260889726 0.02921968
168 21.5505556337334 19.6465880426015 0.0922350128024673 0.995737265755043 0.02921968
168.75 21.6067753338942 20.3943650976115 0.057684187626319 0.998334880938201 0.02921968
169.5 21.6370559463185 21.1436409234572 0.0230641121719258 0.999733987983664 0.02921968
170.25 21.6413611189155 21.8935160091711 -0.0115836519134614 0.999932907253456 0.02921968
171 21.6196856832946 22.64309012437 -0.046217509742193 0.998931399943575 0.02921968
171.75 21.5720556609708 23.3914633999878 -0.0807958831211797 0.996730668370683 0.02921968
172.5 21.4985282321253 24.1377374085751 -0.115277260466809 0.993333354528714 0.02921968
173.25 21.3991916669603 24.8810162428673 -0.149620246639899 0.98874353691714 0.02921968
174 21.27416521973 25.620407591328 -0.183783612640854 0.982966725644707 0.02921968
174.75 21.1235989855752 26.3550238093752 -0.217726345105378 0.976009855814507 0.02921968
175.5 20.9476737203327 27.083982985005 -0.251407695541303 0.967881279198339 0.02921968
176.25 20.7466006235369 27.8064099975332 -0.284787229247453 0.958590754210346 0.02921968
177 20.5206210848732 28.5214375681841 -0.317824873855785 0.948149434191971 0.02921968
177.75 20.2700063943878 29.2282073012645 -0.350480967438553 0.936569854022292 0.02921968
178.5 19.9950574168023 29.925870714674 -0.382716306122737 0.923865915069805 0.02921968
179.25 19.6961042303233 30.6135902585141 -0.41449219115457 0.91005286850374 0.02921968
180 19.3735057303813 31.2905403205723 -0.445770475357667 0.895147296984915 0.02921968
180.75 19.0276491987738 31.955908217476 -0.476513608928987 0.879167094758143 0.02921968
181.5 18.6589498387313 32.608895170324 -0.506684684517632 0.862131446170054 0.02921968
182.25 18.2678502764625 33.2487172636271 -0.536247481532388 0.844060802638159 0.02921968
183 17.8548200297786 33.8746063864035 -0.565166509624806 0.824976858098769 0.02921968
183.75 17.4203549444334 34.4858111543017 -0.593407051295611 0.804902522963277 0.02921968
184.5 16.9649765988576 35.0815978116432 -0.620935203573316 0.783861896614044 0.02921968
185.25 16.4892316779995 35.6612511123008 -0.647717918714972 0.761880238472915 0.02921968
186 15.9936913170263 36.2240751783571 -0.673723043880226 0.738983937677109 0.02921968
186.75 15.478950415672 36.7693943355106 -0.698919359731029 0.715200481398866 0.02921968
187.5 14.9456269240564 37.2965539242278 -0.72327661791068 0.690558421846906 0.02921968
188.25 14.394361100831 37.8049210856663 -0.746765577357189 0.665087341989295 0.02921968
189 13.8258147445442 38.2938855214269 -0.769358039407382 0.638817820038883 0.02921968
189.75 13.2406703991479 38.7628602262204 -0.791026881649595 0.611781392743943 0.02921968
190.5 12.6396305345977 39.2112821925725 -0.811746090484328 0.584010517528076 0.02921968
191.25 12.0234167035334 39.6386130867173 -0.831490792353749 0.555538533524845 0.02921968
192 11.3927686750497 40.0443398948718 -0.850237283602584 0.52639962155391 0.02921968
192.75 10.7484435465983 40.4279755391121 -0.86796305893452 0.496628763086706 0.02921968
193.5 10.0912148350866 40.7890594621137 -0.884646838429975 0.466261698250941 0.02921968
194.25 9.42187154826561 41.1271581800544 -0.900268593092792 0.435334882924314 0.02921968
195 8.74121723752011 41.4418658030144 -0.914809568895195 0.403885444968978 0.02921968
195.75 8.05006903319987 41.73280452225 -0.928252309292127 0.371951139659277 0.02921968
196.5 7.34925666364858 41.9996250637558 -0.940580676177963 0.339570304356266 0.02921968
197.25 6.63962145910919 42.2420071075707 -0.951779869260418 0.306781812483438 0.02921968
198 5.92201534170088 42.4596596723241 -0.961836443828401 0.273625026858907 0.02921968
198.75 5.19729980268055 42.6523214645612 -0.97073832689249 0.240139752440055 0.02921968
199.5 4.46634486821637 42.8197611924277 -0.978474831678642 0.206366188537405 0.02921968
200.25 3.73002805491523 42.9617778433374 -0.985036670457737 0.172344880555058 0.0292196800000001
201 2.98923331635774 43.0782009252889 -0.990415965695569 0.138116671315649 0.0292196800000001
201.75 2.2448499819057 43.1688906715429 -0.994606259509877 0.103722652028245 0.0292196800000001
202.5 1.49777168905584 43.2337382084128 -0.997602521423082 0.0692041129580577 0.0292196800000001
203.25 0.748895310621657 43.2726656859685 -0.999401154401407 0.0346024938571858 0.0292196800000001
204 -0.000880121968801051 43.2856263714959 -0.999999999173148 -4.06657841041796e-05 0.0292196800000001
204.75 -0.750654497966565 43.2726047055997 -0.999398336820889 -0.0346837766058306 0.02921968
205.5 -1.49952770789111 43.2336163208825 -0.99759688964457 -0.06928524930662 0.02921968
206.25 -2.24660072411821 43.168708023178 -0.994597820294363 -0.10380354457196 0.02921968
207 -2.990976680169 43.0779577353601 -0.990404729174391 -0.138197222942442 0.02921968
207.75 -3.73176194740455 42.9614744037959 -0.985022650120418 -0.172424994562127 0.02921968
208.5 -4.46806720783347 42.8193978675549 -0.978458044356697 -0.206445768747314 0.02921968
209.25 -5.19900852174444 42.6518986905311 -0.970718792739219 -0.240218703316195 0.02921968
210 -5.92370838888215 42.4591779566799 -0.961814186294694 -0.273703253620188 0.02921968
210.75 -6.64129680189264 42.2414670286156 -0.951754915066603 -0.306859221218077 0.02921968
211.5 -7.35091229077326 41.9990272698583 -0.940553055281728 -0.339646802134523 0.02921968
212.25 -8.05170295707362 41.732149731066 -0.928222054852554 -0.372026634645026 0.02921968
213 -8.74282749660568 41.4411548006254 -0.914776717232954 -0.403959846529951 0.02921968
213.75 -9.42345620943549 41.1263918200238 -0.900233183646538 -0.435408101740906 0.02921968
214.5 -10.0927719959438 40.7882386644622 -0.884608913709001 -0.466333646423442 0.02921968
215.25 -10.7499713377601 40.4271012892131 -0.867922664467723 -0.496699354240822 0.02921968
216 -11.3942652623919 40.0434132422686 -0.85019446788381 -0.526468770944457 0.02921968
216.75 -12.0248802903922 39.6376351438629 -0.831445606783572 -0.555606158137487 0.02921968
217.5 -12.6410593639267 39.2102541334942 -0.811698589308348 -0.584076536178983 0.02921968
218.25 -13.2420627556273 38.7617832851106 -0.790977121893312 -0.611845726177256 0.02921968
219 -13.8271689566402 38.292760991161 -0.769306080807737 -0.638880391021856 0.02921968
219.75 -14.3956755428021 37.8037503162509 -0.746711482290853 -0.665148075405017 0.02921968
220.5 -14.9469000179059 37.2953383211798 -0.723220451319165 -0.690617244784479 0.02921968
221.25 -15.4801806330416 36.7681353581703 -0.698861189042727 -0.715257323240934 0.02921968
222 -15.9948771810312 36.2227743381357 -0.673662938929463 -0.739038730184636 0.02921968
222.75 -16.4903717650015 35.6599099708663 -0.647655951658171 -0.761932915867105 0.02921968
223.5 -16.9660695401742 35.0802179790454 -0.62087144880237 -0.78391239565531 0.02921968
224.25 -17.4213994279808 34.4843942870395 -0.593341585348576 -0.80495078302716 0.02921968
225 -17.8558148016468 33.873154185436 -0.565099411094018 -0.825022821248718 0.02921968
225.75 -18.2687941424209 33.2472314723321 -0.536178830970112 -0.844104413695086 0.02921968
226.5 -18.6598416656619 32.6073775724045 -0.506614564339356 -0.862172652778575 0.02921968
227.25 -19.0284879160321 31.954360634819 -0.476442103314486 -0.879205847449429 0.02921968
228 -19.3742903310813 31.2889646110619 -0.44569767014994 -0.895183549236086 0.02921968
228.75 -19.6968337725463 30.6119883138007 -0.414418173756787 -0.910086576793708 0.02921968
229.5 -19.9957310247276 29.9242444579038 -0.382641165393312 -0.923897038931529 0.02921968
230.25 -20.2706232593442 29.2265586847702 -0.350404793584468 -0.936598356091354 0.02921968
231 -20.52118046631 28.5197685711416 -0.317747758324293 -0.948175280251435 0.02921968
231.75 -20.7471018499128 27.8047226235854 -0.2847092646163 -0.958613913231832 0.02921968
232.5 -20.9481161899217 27.0822792598562 -0.251328975407583 -0.967901723379277 0.02921968
233.25 -21.1239821671895 26.3533057783597 -0.217646963973173 -0.976027560611513 0.02921968
234 -21.2744886533574 25.6186773169542 -0.18370366580778 -0.982981669803046 0.02921968
234.75 -21.3994549643163 24.879275802342 -0.149539830082697 -0.988755702496243 0.02921968
235.5 -21.4987310771196 24.1359888913095 -0.11519647072613 -0.993342726923716 0.02921968
236.25 -21.5721978100865 23.3897089050894 -0.0807148171856824 -0.996737236329958 0.02921968
237 -21.6197669658807 22.6413317581223 -0.0461362649321107 -0.99893515558224 0.02921968
237.75 -21.6413814373916 21.8917558825054 -0.0115023257637675 -0.999933846062841 0.02921968
238.5 -21.6370152762923 21.1418811494181 0.0231454220286092 -0.999732108836722 0.02921968
239.25 -21.6066737241903 20.3926077888202 0.0577653835769295 -0.99833018609086 0.02921968
240 -21.5503932063349 19.6448353087198 0.0923159973706878 -0.995729760843501 0.02921968
240.75 -21.4682412878889 18.8994614153072 0.126755785151852 -0.991933954923683 0.02921968
241.5 -21.3603165928158 18.157380935252 0.161043401709807 -0.986947325223457 0.02921968
242.25 -21.2267486854809 17.4194847414579 0.195137684516576 -0.980775858227307 0.02921968
243 -21.0676979151087 16.6866586835632 0.228997703142729 -0.973426962825335 0.02921968
243.75 -20.8833552232822 15.9597825244716 0.262582808394652 -0.964909461418831 0.02921968
244.5 -20.6739419147164 15.2397288841912 0.295852681114197 -0.955233579328922 0.02921968
245.25 -20.4397093915802 14.5273621922475 0.328767380582116 -0.944410932520995 0.02921968
246 -20.1809388516868 13.8235376499298 0.361287392467181 -0.932454513659657 0.02921968
246.75 -19.8979409509128 13.1291002036158 0.393373676263419 -0.919378676510938 0.02921968
247.5 -19.5910554302545 12.4448835304077 0.424987712158519 -0.905199118710502 0.02921968
248.25 -19.2606507079662 11.7717090372969 0.456091547277137 -0.889932862918517 0.02921968
249 -18.9071234372709 11.1103848750585 0.486647841243601 -0.873598236383833 0.02921968
249.75 -18.5308980301761 10.4617049680613 0.51661991100929 -0.85621484894199 0.02921968
250.5 -18.1324261479635 9.8264480611555 0.545971774890899 -0.837803569473467 0.02921968
251.25 -17.7121861589669 9.20537678478404 0.574668195766706 -0.818386500850448 0.02921968
252 -17.2706825642873 8.59923673943931 0.602674723378989 -0.797986953402159 0.02921968
252.75 -16.8084453921357 8.0087556005645 0.629957735691803 -0.776629416930661 0.02921968
253.5 -16.3260295615309 7.43464224497401 0.656484479254475 -0.754339531310658 0.02921968
254.25 -15.8240142161145 6.87758589984177 0.682223108522354 -0.731144055708653 0.02921968
255 -15.3030020288858 6.33825531527913 0.707142724087618 -0.707070836458374 0.02921968
255.75 -14.7636184786876 5.8172979614956 0.731213409774228 -0.682148773631052 0.02921968
256.5 -14.2065110993151 5.31533925150619 0.754406268552514 -0.656407786340682 0.02921968
257.25 -13.6323487021465 4.83298179031872 0.776693457230263 -0.629878776825909 0.02921968
258 -13.0418205732307 4.37080465150213 0.798048219878673 -0.602593593351674 0.02921968
258.75 -12.4356356457938 3.92936268200457 0.81844491995303 -0.574584991975146 0.02921968
259.5 -11.8145216491603 3.5091858360557 0.837859071069571 -0.545886597221838 0.02921968
260.25 -11.1792242351087 3.11077853895284 0.856267366401552 -0.516532861719128 0.02921968
261 -10.5305060827109 2.7346190814948 0.87364770665927 -0.486559024835631 0.02921968
261.75 -9.86914598273098 2.38115904579041 0.88997922662041 -0.456001070376089 0.02921968
262.5 -9.19593790268124 2.05082276313092 0.905242320178897 -0.424895683382556 0.02921968
263.25 -8.51169003365834 1.7440068045773 0.919418663882164 -0.393280206093745 0.02921968
264 -7.81722382010431 1.46107950487388 0.932491238928589 -0.361192593115399 0.02921968
264.75 -7.11337297365658 1.20238052025978 0.944444351598688 -0.328671365855523 0.02921968
265.5 -6.40098247227124 0.968220420709275 0.955263652095534 -0.295755566279157 0.02921968
266.25 -5.680907545821 0.75888031709026 0.964936151771792 -0.262484710038217 0.02921968
267 -4.95401264938557 0.574611523688676 0.973450238722686 -0.228898739032674 0.02921968
267.75 -4.22117042546725 0.415635256503916 0.980795691726167 -0.19503797346002 0.02921968
268.5 -3.48326065637734 0.282142367677439 0.986963692513569 -0.160943063410584 0.02921968
269.25 -2.74116920805126 0.174293116373418 0.991946836355999 -0.126654940066805 0.02921968
270 -1.99578696656009 0.0922169763864682 0.995739140953771 -0.0922147665650609 0.0292196800000001
270.75 -1.24800876859561 0.0360124807074358 0.998336053618193 -0.0576638885790255 0.0292196800000001
271.5 -0.498732327212367 0.0057471032338402 0.99973445673711 -0.0230437846838962 0.0292196800000001
272.25 0.251142845883154 0.00145717776697897 0.999932671517613 0.0116039834389329 0.02921968
273 1.0007165202028 0.0231478543929408 0.998930460001447 0.0462378208969653 0.02921968
273.75 1.74908882720985 0.0707930932998903 0.996729025350677 0.0808161495215667 0.02921968
274.5 2.49536134061758 0.144335696039048 0.993331010403286 0.115297457782853 0.02921968
275.25 3.23863815495648 0.243687374191834 0.98874049450043 0.149640350624578 0.02921968
276 3.97802696111507 0.368728855360747 0.982962988589158 0.183803599159191 0.02921968
276.75 4.71264011756344 0.519310026356724 0.976005428606481 0.217746190163414 0.02921968
277.5 5.44159571597314 0.695250113411094 0.96787616715273 0.251427375314906 0.02921968
278.25 6.16401863995449 0.896337899195778 0.958584963464202 0.284806720110915 0.02921968
279 6.87904161563999 1.12233197639119 0.948142971697124 0.317844152410185 0.02921968
279.75 7.58580625285279 1.37296103749745 0.936562727537012 0.350500010539849 0.02921968
280.5 8.28346407561022 1.64792420054098 0.92385813314949 0.38273509090955 0.02921968
281.25 8.97117754072527 1.94689137028542 0.910044440490639 0.414510695075629 0.02921968
282 9.6481210432831 2.26950363451336 0.89513823299692 0.445788676198884 0.02921968
282.75 10.3134819077857 2.61537369490299 0.879157405676634 0.476531484840122 0.02921968
283.5 10.9664613637745 2.98408633198248 0.862121143626844 0.506702214038526 0.02921968
284.25 11.6062755047601 3.37519890360395 0.844049899001523 0.536264643618727 0.02921968
285 12.2321562293077 3.78824187633849 0.824965366458602 0.565183283673382 0.02921968
285.75 12.8433521631479 4.22271938915441 0.804890457115374 0.593423417169061 0.02921968
286.5 13.4391295612075 4.67810984870192 0.783849271043542 0.620951141624291 0.02921968
287.25 14.0187731884752 5.15386655548967 0.761867068336901 0.647733409809728 0.02921968
288 14.5815871786464 5.64941836020142 0.738970238786425 0.673738069421594 0.02921968
288.75 15.126895869516 6.16417034936479 0.715186270199128 0.698933901680739 0.02921968
289.5 15.6540446141152 6.6975045595492 0.69054371539876 0.723290658811019 0.02921968
290.25 16.1624005666202 7.24878071923532 0.665072157947938 0.746779100351955 0.02921968
291 16.651353442088 7.8173370174656 0.638802176632864 0.769371028262123 0.02921968
291.75 17.1203162491078 8.40249089835306 0.611765308753282 0.7910393207711 0.02921968
292.5 17.5687259944885 9.00353988049447 0.583994012261719 0.811757964939341 0.02921968
293.25 17.9960443591357 9.61976240030432 0.555521626797482 0.831502087886904 0.02921968
294 18.401758344308 10.250418678257 0.526382333662188 0.850247986653512 0.02921968
294.75 18.7853808874757 10.8947516069973 0.496611114784862 0.867973156654132 0.0292196800000001
295.5 19.1464514470422 11.5519876602536 0.466243710725886 0.884656318695887 0.0292196800000001
296.25 19.4845365552282 12.221337821461 0.4353165777702 0.900277444523877 0.0292196800000001
297 19.7992303384525 12.9019985309819 0.403866844161275 0.914817780865247 0.0292196800000001
297.75 20.0901550045862 13.5931526507849 0.371932265528385 0.928259871942618 0.0292196800000001
298.5 20.3569612964946 14.2939704454246 0.339551179560714 0.940587580429877 0.0292196800000001
299.25 20.5993289113234 15.0036105781452 0.306762459982681 0.95178610682515 0.0292196800000001
300 20.816966885024 15.7212211209113 0.273605469885758 0.961842007217711 0.0292196800000001
300.75 21.0096139416585 16.4459405771532 0.240120014472801 0.97074320942749 0.0292196800000001
301.5 21.1770388070626 17.1768989160002 0.206346293271615 0.978479027497813 0.0292196800000001
302.25 21.3190404864927 17.9132186167584 0.172324851875141 0.98504017452397 0.0292196800000001
303 21.4354485059207 18.6540157223807 0.138096533266178 0.990418773802206 0.02921968
303.75 21.5261231166899 19.3984009006637 0.103702428785092 0.994608368285766 0.0292196800000001
304.5 21.5909554632841 20.1454805118971 0.0691838287993704 0.997603928336623 0.0292196800000001
305.25 21.6298677140092 20.8943576816847 0.0345821731342409 0.99940185776359 0.0292196800000001
306 21.642813154431 21.6441333776483 -6.09986761339228e-05 0.999999998139582 0.0292196800000001
306.75 21.629776243456 22.393907488723 -0.0347040972571635 0.999397631392814 0.0292196800000001
307.5 21.5907726319887 23.1427799057461 -0.0693055333221693 0.997595480668859 0.0292196800000001
308.25 21.5258491441427 23.8898516020454 -0.103823767600621 0.9945957094625 0.0292196800000001
309 21.4350837210276 24.6342257127265 -0.138217360706324 0.990401919020445 0.0292196800000001
309.75 21.3185853271806 25.3750086113659 -0.172445022885701 0.985019144017999 0.0292196800000001
310.5 21.1764938197535 26.1113109828157 -0.206465663586435 0.978453846514906 0.0292196800000001
311.25 21.0089797806135 26.8422488908329 -0.240238440786967 0.970713908197595 0.0292196800000001
312 20.816244311558 27.566944839251 -0.273722810027637 0.961808620917164 0.0292196800000001
312.75 20.5985187928909 28.2845288254203 -0.306878573084596 0.951748675534442 0.0292196800000001
313.5 20.3560646056487 28.9941393846528 -0.339665926228059 0.940546149085539 0.0292196800000001
314.25 20.0891728178105 29.6949246244161 -0.372045508006968 0.928214490283275 0.0292196800000001
315 19.7981638348694 30.3860432470368 -0.403978446502694 0.914768503371904 0.0292196800000001
315.75 19.4833870151828 31.0666655596842 -0.435426405995049 0.900224330354516 0.0292196800000001
316.5 19.1452202505654 31.7359744704226 -0.466351632984598 0.884599431614446 0.0292196800000001
317.25 18.7840695126277 32.3931664691357 -0.496717001515996 0.867912564953959 0.0292196800000001
318 18.4003683654037 33.0374525921467 -0.52648605774797 0.850183763075374 0.0292196800000001
318.75 17.9945774448545 33.6680593693744 -0.555623063716408 0.831434309531664 0.0292196800000001
319.5 17.5671839058716 34.2842297528895 -0.584093040238045 0.811686713175397 0.0292196800000001
320.25 17.1187008374437 34.8852240257565 -0.611861808903217 0.790964681136702 0.02921968
321 16.6496666466897 35.4703206900688 -0.63889603310729 0.769293090362685 0.0292196800000001
321.75 16.1606444124977 36.038817333112 -0.665163258071488 0.74669795775248 0.0292196800000001
322.5 15.652221209544 36.5900314706156 -0.690631949805088 0.723206408923776 0.0292196800000001
323.25 15.1250074035062 37.1233013660801 -0.7152715329622 0.698846645648319 0.0292196800000001
324 14.579635918315 37.6379868251966 -0.739052427547686 0.673647911995483 0.02921968
324.75 14.0167614763241 38.1334699644041 -0.761946084428158 0.647640459224561 0.02921968
325.5 13.4370598123115 38.6091559526637 -0.783925019605414 0.620855509467906 0.02921968
326.25 12.8412268622553 39.0644737255574 -0.804962847211174 0.593325218248544 0.02921968
327 12.2299779278573 39.4988766708546 -0.825034311183502 0.565082635877237 0.02921968
327.75 11.6040468178184 39.9118432847243 -0.844115315586891 0.53616166777535 0.02921968
328.5 10.9641849668959 40.3028777978042 -0.862182953539603 0.506597033771151 0.02921968
329.25 10.311160533801 40.6715107703753 -0.879215534713544 0.476424226418409 0.02921968
330 9.6457574790183 41.0172996559275 -0.895192611373656 0.445679468387333 0.02921968
330.75 8.96877462365609 41.3398293324398 -0.910095002925574 0.414399668978995 0.02921968
331.5 8.28102469045573 41.6387126007378 -0.92390481894206 0.382622379815453 0.02921968
332.25 7.58333332811224 41.9135906493281 -0.936605480640591 0.350385749758761 0.02921968
333 6.87653812007715 42.164133485155 -0.948181740786306 0.317728479112988 0.02921968
333.75 6.16148757903363 42.390040329759 -0.958619701996419 0.284689773164226 0.02921968
334.5 5.43904012825092 42.5910399803634 -0.967906833424127 0.251309295114369 0.02921968
335.25 4.71006307104113 42.7668911354557 -0.97603198580198 0.21762711846515 0.02921968
336 3.97543154955539 42.9173826844713 -0.982985404826658 0.183683678909622 0.02921968
336.75 3.23602749416949 43.0423339612332 -0.988758742869077 0.149519725788818 0.02921968
337.5 2.49273856472017 43.1415949608434 -0.993345068995784 0.115176273171877 0.02921968
338.25 1.74645708486316 43.2150465197648 -0.996738877289584 0.0806945506183638 0.02921968
339 0.998078970832272 43.2626004588774 -0.998936093459442 0.046115953681885 0.02921968
339.75 0.248502655885598 43.2841996893385 -0.999934079731689 0.0114819942144354 0.02921968
340.5 -0.501371988270047 43.2798182811181 -0.999731638016696 -0.0231657494688779 0.02921968
341.25 -1.2506447317815 43.2494614941279 -0.998329011347183 -0.0577856825048979 0.02921968
342 -1.99841606738162 43.1931657719071 -0.995727883586461 -0.0923362434173483 0.02921968
342.75 -2.74378829025414 43.1109986978712 -0.99193137740694 -0.126775954011681 0.02921968
343.5 -3.48586657573475 43.0030589141781 -0.986944050541338 -0.161063469169945 0.02921968
344.25 -4.22376005355441 42.8694760033072 -0.980771890311092 -0.195157626485895 0.02921968
345 -4.95658287733552 42.7104103324947 -0.973422306438535 -0.229017495680751 0.02921968
345.75 -5.68345528805677 42.5260528612118 -0.964904122151473 -0.262602427740295 0.02921968
346.5 -6.40350467021014 42.3166249119163 -0.955227563590832 -0.295872103714296 0.02921968
347.25 -7.11586659938199 42.0823779043535 -0.944404247534112 -0.328786583119702 0.02921968
348 -7.81968588000079 41.8235930537251 -0.932447167449354 -0.361306351889471 0.02921968
348.75 -8.51411757200545 41.540581033088 -0.919370677896393 -0.393392369809491 0.02921968
349.5 -9.19832800520188 41.2336816003894 -0.905190477294109 -0.425006117386637 0.02921968
350.25 -9.87149578009006 40.9032631905851 -0.889923589074358 -0.456109642091695 0.02921968
351 -10.5328127539599 40.5497224733301 -0.873588341245224 -0.486665603921645 0.02921968
351.75 -11.1814850110724 40.1734838767745 -0.856204344388115 -0.516637320226597 0.02921968
352.5 -11.8167338157611 39.7749990780342 -0.837792468115118 -0.545988809747581 0.02921968
353.25 -12.4377965473099 39.3547464609492 -0.818374816014884 -0.574684835812296 0.02921968
354 -13.0439276154844 38.9132305417807 -0.79797469911711 -0.602690948636993 0.02921968
354.75 -13.6343993556186 38.4509813635355 -0.776616607907482 -0.629973526683684 0.02921968
355.5 -14.2085029021814 37.9685538596454 -0.754326182926673 -0.656499817023033 0.02921968
356.25 -14.7655490397747 37.4665271877664 -0.731130183988693 -0.682237974654491 0.02921968
357 -15.3048690305412 36.9455040344948 -0.707056458055537 -0.707157100736435 0.02921968
357.75 -15.8258154169896 36.4061098918384 -0.682133905806713 -0.731227279680456 0.02921968
358.5 -16.327762799271 35.8489923063088 -0.656392446943769 -0.754419615065232 0.02921968
359.25 -16.8101085859767 35.2748201015368 -0.629862984271478 -0.776706264326888 0.02921968
360 -17.2722737175531 34.6842825753451 -0.6025773665988 -0.798060472184193 0.02921968
360.75 -17.7137033614667 34.0780886722416 -0.574568350504161 -0.818456602758466 0.02921968
361.5 -18.1338675782849 33.4569661323261 -0.545869561010947 -0.83787017034963 0.02921968
362.25 -18.5322619578716 32.8216606176332 -0.516515451220422 -0.856277868831471 0.02921968
363 -18.9084082249357 32.1729348169598 -0.486541260950539 -0.873657599630806 0.02921968
363.75 -19.2618548132035 31.5115675302519 -0.455982974430281 -0.88998849825698 0.02921968
364.5 -19.5921774075275 30.8383527336493 -0.424877277100345 -0.905250959349836 0.02921968
365.25 -19.8989794532797 30.1540986263121 -0.393261511572002 -0.919426660216086 0.02921968
366 -20.181892632418 29.4596266601714 -0.361173632797032 -0.932498582825838 0.02921968
366.75 -20.4405773056554 28.7557705537706 -0.328652162502529 -0.944451034242863 0.02921968
367.5 -20.6747229201983 28.0433752913805 -0.295736142945298 -0.955269665464072 0.02921968
368.25 -20.8840483825683 27.3232961085894 -0.262465090041343 -0.964941488645602 0.02921968
369 -21.0683023960563 26.5963974655867 -0.228878945926732 -0.973454892694813 0.02921968
369.75 -21.2272637624064 25.8635520093726 -0.195018031006775 -0.980799657209485 0.0292196800000001
370.5 -21.3607416473656 25.1256395261388 -0.160922995551093 -0.986966964747486 0.0292196800000001
371.25 -21.468575809782 24.3835458850789 -0.126634770892676 -0.991949411412176 0.0292196800000001
372 -21.5506367939753 23.6381619748965 -0.0921945202895304 -0.995741015740833 0.0292196800000001
372.75 -21.6068260851494 22.8903826342867 -0.0576435895078922 -0.998337225885446 0.0292196800000001
373.5 -21.6370762276597 22.1411055776757 -0.0230234571863397 -0.999734925077238 0.0292196800000001
374.25 -21.6413509059947 21.3912303175086 0.011624314959607 -0.999932435368371 0.0292196800000001
375 -21.6196449883726 20.641657084378 0.0462581320326215 -0.998929519646333 0.0292196800000001
375.75 -21.5719845329022 19.8932857462912 0.080836415888542 -0.996727381918595 0.0292196800000001
376.5 -21.4984267562998 19.1470147283715 0.115317655051229 -0.993328665867188 0.0292196800000001
377.25 -21.3990599652003 18.4037399342932 0.149660454547391 -0.988737451674948 0.0292196800000001
378 -21.2740034501445 17.6643536707424 0.183823585601538 -0.982959251127226 0.0292196800000001
378.75 -21.1234073423696 16.9297435761966 0.217766035131429 -0.976001000994947 0.0292196800000001
379.5 -20.9474524335761 16.2007915553084 0.251447054984563 -0.967871054706975 0.0292196800000001
380.25 -20.7463499588857 15.4783727201726 0.28482621085663 -0.958579172321753 0.0292196800000001
381 -20.520341343252 14.7633543397481 0.317863430833179 -0.948136508810289 0.0292196800000001
381.75 -20.2696979116284 14.056594798695 0.350519053496238 -0.936555600664533 0.0292196800000001
382.5 -19.9947205632406 13.3589425668781 0.382753875538129 -0.923850350847227 0.0292196800000001
383.25 -19.6957394103543 12.6712351807724 0.414529198825318 -0.910036012101302 0.0292196800000001
384 -19.3731133819738 11.9942982379949 0.4458068768558 -0.89512916863885 0.0292196800000001
384.75 -19.0272297929451 11.3289444061684 0.476549360554246 -0.879147716231659 0.02921968
385.5 -18.658503878981 10.6759724473088 0.506719743349936 -0.86211084072721 0.0292196800000001
386.25 -18.2673782981685 10.0361662589052 0.53628180548336 -0.844038995015935 0.02921968
387 -17.8543225995542 9.41029393284517 0.565200057488297 -0.824953874477372 0.02921968
387.75 -17.4198326594471 8.79910683331564 0.593439782797174 -0.804878390934708 0.02921968
388.5 -16.9644300861162 8.20333869478426 0.620967079418548 -0.783836645148975 0.02921968
389.25 -16.4886615935955 7.62370474114617 0.647748900636694 -0.761853897885911 0.02921968
390 -15.9930983453501 7.06090082709262 0.67375309468442 -0.73895653959023 0.02921968
390.75 -15.4783352685904 6.51560260273239 0.698948443341492 -0.715172058703712 0.02921968
391.5 -14.9449903400577 5.98846470246908 0.72330469941233 -0.690529008665125 0.02921968
392.25 -14.3937038441388 5.4801199591078 0.746792623037983 -0.665056973631621 0.02921968
393 -13.8251376042 4.99117864413491 0.769384016798786 -0.638786532962747 0.02921968
393.75 -13.2399741880634 4.52222773508274 0.791051759565568 -0.611749224509701 0.02921968
394.5 -12.6389160885793 4.07383021085888 0.811769839058753 -0.583977506753923 0.02921968
395.25 -12.0226848802786 3.64652437588599 0.831513383076294 -0.555504719840451 0.02921968
396 -11.3920203531177 3.24082321386351 0.850258689352925 -0.526365045552844 0.02921968
396.75 -10.7476796243547 2.85721377192705 0.867983254014901 -0.496593466277704 0.02921968
397.5 -10.0904362296256 2.49615657594488 0.884665798596058 -0.466225723008072 0.02921968
398.25 -9.42107919430857 2.15808507765331 0.900286295582764 -0.435298272436115 0.02921968
399 -8.74041208629362 1.8434051342948 0.914825992457089 -0.403848243186601 0.02921968
399.75 -8.04925205129371 1.55249452138342 0.928267434209341 -0.371913391243726 0.02921968
400.5 -7.34842883185536 1.28570247918273 0.940594484292926 -0.339532054624782 0.02921968
401.25 -6.63878377124687 1.04334929344028 0.951792343996388 -0.306743107355098 0.02921968
402 -5.92116880341971 0.825725910882306 0.96184757020937 -0.273585912799492 0.02921968
402.75 -5.19644543025576 0.633093589930144 0.970748091561159 -0.240100276406273 0.02921968
403.5 -4.46548368732816 0.465683587057599 0.978483222912455 -0.206326397920515 0.02921968
404.25 -3.72916109941738 0.323696879165913 0.98504367818296 -0.17230482312398 0.02921968
405 -2.9883616270365 0.207303922309565 0.990421581499377 -0.138076395159614 0.02921968
405.75 -2.24397460523031 0.116644447062561 0.994610476650457 -0.103682205499065 0.02921968
406.5 -1.49689367592224 0.0518272907708818 0.997605334837727 -0.0691635446120796 0.02921968
407.25 -0.748015715090874 0.0129302668924777 0.999402560712593 -0.0345618523969978 0.02921968
408 0.00176024393606872 7.15816558046097e-08 0.999999996692588 8.13315681394804e-05 0.02921968
408.75 0.751534089777625 0.0130522276300143 0.999396925551561 0.0347244178941498 0.02921968
409.5 1.50040571358973 0.0520710658312205 0.997594071280714 0.0693258173090669 0.02921968
410.25 2.24747608965229 0.117009743792005 0.994593598219444 0.103843990586359 0.02921968
411 2.99184835465597 0.207790302166788 0.990399108457039 0.138237498413064 0.02921968
411.75 3.73262888439299 0.324303758248431 0.985015637508346 0.172465051137983 0.02921968
412.5 4.46892836655934 0.466410236802749 0.978449648268595 0.206485558340198 0.02921968
413.25 5.19986286838056 0.63393913798973 0.970709023254651 0.240258178158419 0.02921968
414 5.9245548977793 0.826689342169858 0.961803055141995 0.273742366321922 0.02921968
414.75 6.64213445681085 1.04442945134967 0.951742435608802 0.306897924824244 0.02921968
415.5 7.35174008610184 1.2868980669767 0.940539242500502 0.339685050181168 0.02921968
416.25 8.05251989903837 1.5538041037503 0.928206925330246 0.372064381215097 0.02921968
417 8.74363260446196 1.84482713907162 0.914760289132663 0.403997046308421 0.02921968
417.75 9.42424851664557 2.15961779771322 0.900215476690316 0.435444710069176 0.02921968
418.5 10.0935505513373 2.49779817124652 0.884589949154173 0.466369619352952 0.02921968
419.25 10.7507352066756 2.85896227172355 0.867902465081375 0.496734648585816 0.02921968
420 11.3950135277994 3.24267651906842 0.850173057915448 0.526503344333821 0.02921968
420.75 12.0256120539937 3.64848026159321 0.831423011936016 0.555639969065621 0.02921968
421.5 12.6417737472348 4.07588632901368 0.811674836706873 0.584109544055627 0.02921968
422.25 13.2427589010198 4.52438161730062 0.790952240053085 0.611877891376219 0.02921968
423 13.8278460283895 4.99342770466492 0.769280099599586 0.638911674928587 0.02921968
423.75 14.3963327280789 5.48246149793675 0.746684432905402 0.665178440462963 0.02921968
424.5 14.9475365277544 5.99089590856293 0.723192366229394 0.690646654540172 0.02921968
425.25 15.4807957033273 6.5181205574109 0.698832101964987 0.715285742387753 0.02921968
426 15.9954700733578 7.06350250753325 0.673632884782998 0.739066124605192 0.02921968
426.75 16.4909417675976 7.62638702401303 0.647624966523197 0.761959252674202 0.02921968
427.5 16.9666159687476 8.20609835997764 0.620839569876763 0.783937643231422 0.02921968
428.25 17.4219216265401 8.80194056783782 0.593308850903214 0.804974911062393 0.02921968
429 17.8563121432889 9.41319833477766 0.565065860426835 0.825045800777194 0.02921968
429.75 18.2692660300835 10.0391378414928 0.536144504358923 0.844126217129717 0.02921968
430.5 18.6602875328407 10.6790076431455 0.506579502993503 0.862193253944182 0.02921968
431.25 19.0289072274603 11.3320395714798 0.476406349325363 0.879225221614166 0.02921968
432 19.3746825833725 11.9974496570131 0.445661266440467 0.89520167314113 0.02921968
432.75 19.6971984947988 12.6744390701964 0.414381164029877 0.910103428681183 0.02921968
433.5 19.9960677790898 13.3621950804159 0.382603594079405 0.923912598570624 0.02921968
434.25 20.2709316415402 14.0598920316808 0.350366705788194 0.93661260480261 0.02921968
435 20.5214601061246 14.7666923338303 0.317709199770323 0.948188200929173 0.02921968
435.75 20.7473524116364 15.4817474680655 0.284670281594453 0.958625490364686 0.02921968
436.5 20.9483373727533 16.204199005603 0.251289614717255 0.967911943068818 0.02921968
437.25 21.1241737055974 16.9331796382247 0.217607272867152 0.976036410588929 0.02921968
438 21.2746503173985 17.667814219487 0.183663691935522 0.982989139443877 0.02921968
438.75 21.3995865599117 18.4072208153408 0.149499621433121 0.988761782833132 0.02921968
439.5 21.4988324462879 19.1505117628997 0.115156075570006 0.993347410657175 0.02921968
440.25 21.5722688311332 19.8967947360851 0.0806742840176824 0.996740517837132 0.02921968
441 21.6198075535446 20.6451738168704 0.0460956424125923 0.998937030923657 0.02921968
441.75 21.641391542947 21.3947505708369 0.0114616626603548 0.999934312987138 0.02921968
442.5 21.6369948876073 22.1446251257509 -0.0231860768995707 0.999731166783354 0.02921968
443.25 21.6066228657415 22.8938972518662 -0.0578059814089777 0.99832783619077 0.02921968
444 21.5503119391785 23.6416674426569 -0.092356489425836 0.99572600591776 0.02921968
444.75 21.4681297095866 24.3870379946811 -0.126796122819099 0.991928799480106 0.02921968
445.5 21.3601748373182 25.1291140852803 -0.161083536563497 0.98694077545119 0.02921968
446.25 21.2265769229664 25.8670048468205 -0.195177568374531 0.9807679219894 0.02921968
447 21.0674963517794 26.599824436185 -0.229037288124093 0.973417649649297 0.02921968
447.75 20.8831241011164 27.3266930982355 -0.262622046977372 0.964898782485197 0.02921968
448.5 20.6736815111778 28.0467382219641 -0.295891526192076 0.955221547457826 0.02921968
449.25 20.4394200192853 28.7590953880696 -0.328805785521361 0.944397562156786 0.02921968
450 20.1806208580289 29.4629094066984 -0.361325311162388 0.932439820853552 0.02921968
450.75 19.8975947176456 30.1573353441067 -0.393411063192925 0.919362678901755 0.02921968
451.5 19.5906813730337 30.8415395370087 -0.425024522439048 0.905181835503486 0.02921968
452.25 19.2602492758499 31.5147005933958 -0.456127736717687 0.88991431486228 0.02921968
453 18.9066951121813 32.1760103786237 -0.486683366398489 0.873578445745449 0.02921968
453.75 18.5304433263205 32.8246749855834 -0.516654729230314 0.856193839480261 0.02921968
454.5 18.1319456112172 33.4599156877924 -0.546005844378537 0.837781366410402 0.02921968
455.25 17.7116803662176 34.0809698742616 -0.574701475620297 0.818363130840982 0.02921968
456 17.2701521227428 34.6870919650153 -0.60270717364583 0.797962444502155 0.02921968
456.75 16.807890938595 35.2775543061648 -0.629989317415118 0.776603798563228 0.02921968
457.5 16.3254517616192 35.8516480434626 -0.656515154520179 0.754312834230829 0.02921968
458.25 15.823413763485 36.4086839732866 -0.682252840504574 0.731116311966462 0.02921968
459 15.3023796443859 36.9479933700341 -0.707171477092896 0.707042079360382 0.02921968
459.75 14.7629749094944 37.4689287889319 -0.731241149284377 0.68211903770036 0.02921968
460.5 14.205847118038 37.9708648432979 -0.754432961266054 0.656377107275485 0.02921968
461.25 13.6316651058998 38.4531989553224 -0.776719071102402 0.629847191456644 0.02921968
462 13.0411181826765 38.9153520794675 -0.798072724159774 0.602561139596804 0.02921968
462.75 12.434915304157 39.3567693976146 -0.81846828522553 0.574551708795633 0.02921968
463.5 11.8137842212162 39.7769209851284 -0.837881269283292 0.545852524574377 0.02921968
464.25 11.1784706061447 40.1753024470343 -0.856288370907382 0.516498040508174 0.02921968
465 10.529737157464 40.551435523549 -0.873667492241149 0.486523496864296 0.02921968
465.75 9.8683626843015 40.9048686642341 -0.889997769525606 0.455964878295956 0.02921968
466.5 9.19514117142445 41.235177570086 -0.905259598146521 0.424858870642476 0.02921968
467.25 8.51088082605579 41.5419657029098 -0.919434656169893 0.393242816887673 0.02921968
468 7.8164031076155 41.8248647613662 -0.932505926337567 0.361154672329345 0.02921968
468.75 7.11254174155269 42.0835351231199 -0.944457716496576 0.32863295901366 0.02921968
469.5 6.40014171845235 42.3176662525584 -0.955275678437677 0.295716719489172 0.02921968
470.25 5.68005827961804 42.5269770735928 -0.96494682512048 0.262445469935959 0.02921968
471 4.95315589034868 42.7112163070911 -0.973459546264488 0.228859152726165 0.02921968
471.75 4.22030720214175 42.8701627725408 -0.980803622287314 0.194998088472903 0.02921968
472.5 3.482392005069 43.0036256535775 -0.986970236573364 0.16090292762507 0.02921968
473.25 2.74029617158214 43.1114447270617 -0.991951986058253 0.126614601666191 0.02921968
474 1.99491059301671 43.1934905554275 -0.995742890116229 0.092174273975883 0.02921968
474.75 1.24713011007064 43.2496646420733 -0.998338397739959 0.0576232904129264 0.02921968
475.5 0.497852438541634 43.2798995496079 -0.999735393004049 0.0230031296792635 0.02921968
476.25 -0.252022908387033 43.2841589808093 -0.99993219880573 -0.0116446464754764 0.02921968
477 -1.00159570001852 43.2624378222001 -0.998928578878236 -0.0462784431491545 0.02921968
477.75 -1.74996606887577 43.2147621501859 -0.99672573807444 -0.0808566822220985 0.02921968
478.5 -2.49623559099885 43.1411891997506 -0.993326320920421 -0.115337852271932 0.02921968
479.25 -3.23950836450927 43.0418072957455 -0.988734408440695 -0.149680558408331 0.02921968
480 -3.97889208514662 42.9167357468544 -0.982955513258911 -0.183843571967888 0.02921968
480.75 -4.71349911748618 42.7661247023629 -0.975996572979909 -0.217785880009414 0.02921968
481.5 -5.44244756055155 42.5901549719031 -0.967865941861076 -0.251466734550266 0.02921968
482.25 -6.16486230654307 42.38903780839 -0.958573380783001 -0.284845701484591 0.02921968
483 -6.879876091411 42.1630146544115 -0.948130045531468 -0.317882709124761 0.02921968
483.75 -7.58663053601212 41.9123568523743 -0.936548473404855 -0.350538096307714 0.02921968
484.5 -8.28427717660007 41.6373653187557 -0.923842568163019 -0.382772660008469 0.02921968
485.25 -8.97197848341211 41.3383701828512 -0.910027583335732 -0.414547702403631 0.02921968
486 -9.64890886612952 41.0157303904517 -0.89512010391071 -0.445825077328409 0.0292196800000001
486.75 -10.3142556650047 40.6698332729268 -0.879138026423219 -0.476567236071353 0.0292196800000001
487.5 -10.9672201264651 40.3010940822306 -0.862100537471156 -0.506737272451856 0.0292196800000001
488.25 -11.6070183620223 39.9099554923888 -0.844028090681398 -0.536298967126281 0.0292196800000001
489 -12.232882289336 39.4968870680653 -0.824942382155084 -0.565216831069544 0.0292196800000001
489.75 -12.8440605543022 39.0623847008468 -0.804866324421284 -0.593456148179943 0.0292196800000001
490.5 -13.439819433059 38.6069700139208 -0.78382401893035 -0.620983016956081 0.0292196800000001
491.25 -14.0194437128279 38.1311897358638 -0.761840727119949 -0.647764391195865 0.0292196800000001
492 -14.5822375505311 37.6356150442896 -0.738942840088532 -0.673768119668701 0.0292196800000001
492.75 -15.1275253081565 37.1208408801463 -0.715157846912626 -0.698962984713282 0.0292196800000001
493.5 -15.654652363866 36.5874852334859 -0.690514301646007 -0.723318739714609 0.0292196800000001
494.25 -16.1629858978734 36.0361884015622 -0.665041789040352 -0.746806145415267 0.02921968
495 -16.6519156521492 35.4676122201499 -0.638770889028538 -0.769397005017367 0.02921968
495.75 -17.1208546630399 34.882439269006 -0.611733140013206 -0.791064198032995 0.02921968
496.5 -17.5692399659216 34.2813720524277 -0.583961001004695 -0.811781712842558 0.02921968
497.25 -17.9965332710435 33.665132155891 -0.555487812653759 -0.831524677921914 0.02921968
498 -18.4022216097484 33.0344593797825 -0.526347757225887 -0.850269391700819 0.02921968
498.75 -18.785817950295 32.3901108512634 -0.496575817565241 -0.867993351016823 0.02921968
499.5 -19.1468617825436 31.7328601153331 -0.466207735097508 -0.884675278130486 0.02921968
500.25 -19.4849196708009 31.0634962061832 -0.435279966922065 -0.900295146269449 0.02921968
501 -19.7995857741635 30.3828226999556 -0.403829642044965 -0.914834203670718 0.02921968
501.75 -20.0904823337324 29.6916567500445 -0.371894516805307 -0.928274996092294 0.02921968
502.5 -20.3572601261151 28.9908281060972 -0.339512929548479 -0.940601387767109 0.02921968
503.25 -20.599598882671 28.2811781178942 -0.3067237546007 -0.951798580774132 0.02921968
504 -20.8172076739963 27.5635587253027 -0.273566355600119 -0.961853132803377 0.02921968
504.75 -21.0098252591865 26.8388314355163 -0.240080538240482 -0.970752973293496 0.02921968
505.5 -21.1772203994583 26.1078662888103 -0.206306502484115 -0.978487417922568 0.02921968
506.25 -21.3191921357529 25.3715408140513 -0.172284794301583 -0.985047181434708 0.02921968
507 -21.4355700299895 24.6307389752182 -0.138056256995965 -0.990424388787082 0.02921968
507.75 -21.5262143696768 23.8863501101965 -0.103661982170173 -0.994612584603951 0.02921968
508.5 -21.5910163356392 23.1392678631226 -0.0691432603961947 -0.997606740926396 0.02921968
509.25 -21.6298981326548 22.3903891115571 -0.0345415316454658 -0.999403263248418 0.02921968
510 -21.6428130828493 21.6406128897769 0.000101664460111645 -0.99999999483217 0.02921968
510.75 -21.629745681733 20.8908393094784 0.0347447385167804 -0.999396219297132 0.02921968
511.5 -21.5907116168139 20.1419684791869 0.0693461012673037 -0.997592661480138 0.02921968
512.25 -21.5257577487653 19.3948994236699 0.103864213529165 -0.994591486565197 0.02921968
513 -21.4349620551683 18.6505290046514 0.138257636062653 -0.990396297484178 0.02921968
513.75 -21.3184335369002 17.909750844123 0.172485079318963 -0.985012130591463 0.02921968
514.5 -21.1763120872774 17.1734542515446 0.206505453008596 -0.978445449617768 0.02921968
515.25 -21.0087683241127 16.4425231562215 0.240277915430542 -0.970704137910391 0.02921968
516 -20.8160033848876 15.7178350461417 0.273761922503036 -0.961797488969192 0.02921968
516.75 -20.5982486852851 15.0002599145446 0.306917276437012 -0.951736195289686 0.02921968
517.5 -20.3557656413735 14.2906592154885 0.339704173993843 -0.940532335526622 0.02921968
518.25 -20.0888453557748 13.5898848296684 0.372083254269405 -0.928199359993472 0.02921968
519 -19.7978082681936 12.8987780417277 0.404015645947126 -0.914752074515236 0.02921968
519.75 -19.4830037707272 12.2181685302892 0.435463013963279 -0.900206622653943 0.02921968
520.5 -19.1448097884178 11.5488733719209 0.466387605528498 -0.884580466328189 0.02921968
521.25 -18.7836323255508 10.8916960602291 0.496752295450272 -0.867892364849978 0.02921968
522 -18.3999049782437 10.2474255412589 0.526520630702001 -0.850162352404038 0.02921968
522.75 -17.994088413911 9.6168352663586 0.555656874185118 -0.831411713996637 0.02921968
523.5 -17.5666698182297 9.00068226364632 0.584126047631724 -0.811662959902781 0.0292196800000001
524.25 -17.1181623102692 8.39970622919185 0.611893973596254 -0.790939798642469 0.0292196800000001
525 -16.6491043264884 7.81462863900651 0.638927316485742 -0.769267108518446 0.0292196800000001
525.75 -16.160058974339 7.24615188290598 0.665193622579436 -0.746670907749624 0.02921968
526.5 -15.6516133562506 6.69495842128636 0.690661358989725 -0.723178323236025 0.02921968
527.25 -15.1243778648103 6.16170996582558 0.715299951517589 -0.69881755799274 0.02921968
528 -14.5789854499823 5.64704668509379 0.739079821357149 -0.673617857292016 0.02921968
528.75 -14.0160908592464 5.1515864360265 0.761972420605232 -0.647609473554089 0.02921968
529.5 -13.4363698515694 4.67592402218286 0.783950266533331 -0.620823630028949 0.02921968
530.25 -12.8405183861516 4.22063047967979 0.804986974580816 -0.593292483312595 0.02921968
531 -12.2292517869227 3.786252391659 0.825057290029791 -0.56504908474282 0.02921968
531.75 -11.6033038837902 3.37331123211013 0.844137118323558 -0.536127340720841 0.02921968
532.5 -10.9634261316717 2.98230273983741 0.862203553992307 -0.506561972006423 0.02921968
533.25 -10.3103867083679 2.61369632332174 0.879234908151295 -0.476388472035361 0.02921968
534 -9.64496959235918 2.26793449719247 0.895210734538505 -0.445643064309356 0.02921968
534.75 -8.96797362163454 1.94543235098542 0.910111854060531 -0.414362658909444 0.02921968
535.5 -8.28021153468039 1.64657705082494 0.923920377817218 -0.382584808185181 0.02921968
536.25 -7.5825089947824 1.3717273746282 0.936619728577409 -0.350347661672777 0.02921968
537 -6.87570359881086 1.12121328138979 0.948194660680034 -0.317689920296311 0.0292196800000001
537.75 -6.16064387167961 0.895335515063555 0.958631278336634 -0.284650789906991 0.0292196800000001
538.5 -5.43818824768587 0.694365243517339 0.967917052313349 -0.251269934216252 0.02921968
539.25 -4.70920403995373 0.518543732994047 0.97604083497236 -0.217587427179191 0.02921968
540 -3.97456639921858 0.368082058469791 0.982992873654704 -0.183643704885492 0.02921968
540.75 -3.23515726320241 0.243160850256874 0.988764822388408 -0.149479517015619 0.02921968
541.5 -2.4918642978413 0.14393007715582 0.993349751907892 -0.115135877920527 0.02921968
542.25 -1.74557983163611 0.0705088664167537 0.996742157972602 -0.0806540173836496 0.02921968
543 -0.997199784405803 0.0229853607262937 0.998937967974885 -0.0460753311242438 0.02921968
543.75 -0.247622591729275 0.00141661239162582 0.999934545829189 -0.0114413311015371 0.02921968
544.5 0.502251873632933 0.00582851484880311 0.999730695136699 0.0232064043206765 0.02921968
545.25 1.2515233820423 0.0362157715774909 0.998326660621623 0.0578262802891577 0.02921968
546 1.99929242771444 0.0925419024594775 0.995724127837401 0.0923767353961399 0.02921968
546.75 2.74466130858216 0.174739287573316 0.991926221143183 0.126816291574095 0.02921968
547.5 3.48673520399323 0.282709248372521 0.986937499953016 0.161103603890451 0.02921968
548.25 4.22462324894895 0.416322166149868 0.980763953262233 0.195197510182474 0.02921968
549 4.9574396035939 0.575417637645574 0.973412992457623 0.229057080472743 0.02921968
549.75 5.68430451667301 0.759804667612556 0.964893442420007 0.262641666105874 0.02921968
550.5 6.40434538167923 0.96926189810758 0.955215530929908 0.295910948547525 0.02921968
551.25 7.11669778442382 1.20353787423306 0.944390876389023 0.328824987787081 0.02921968
552 7.82050654077181 1.46235134601043 0.932432473872256 0.361344270285923 0.02921968
552.75 8.51492672329654 1.7453916060228 0.919354679527031 0.393429756413712 0.02921968
553.5 9.19912467562116 2.05231886242134 0.905173193338638 0.425042927315742 0.02921968
554.25 9.87227901322901 2.38276464684791 0.889905040282289 0.456145831155102 0.02921968
555 10.5335816095416 2.73633225678387 0.873568549884515 0.486701128674124 0.0292196800000001
555.75 11.1822385660802 3.11259723179433 0.856183334218436 0.516672138020432 0.02921968
556.5 11.8174711655468 3.5111078630959 0.837770264359327 0.54602287878376 0.0292196800000001
557.25 12.4385168066799 3.93138573583632 0.818351445328748 0.5747181151907 0.0292196800000001
558 13.0446299197621 4.3729263034349 0.797950189557304 0.602723398405491 0.0292196800000001
558.75 13.6350828616828 4.83519949329424 0.776590988897907 0.630005107886097 0.02921968
559.5 14.2091667894782 5.31765034315624 0.754299485223133 0.656530491745903 0.02921968
560.25 14.7661925113026 5.81969966733818 0.731102439641971 0.682267706072594 0.02921968
561 15.3054913138082 6.34074475204927 0.707027700372919 0.707185853156993 0.02921968
561.75 15.8264157649401 6.88016007895289 0.682104169312002 0.731255018585982 0.02921968
562.5 16.328340491183 7.43729807610575 0.656361767335839 0.754446307154972 0.02921968
563.25 16.810662928327 8.01148989537266 0.629831398381417 0.776731877556799 0.02921968
564 17.2728040448496 8.60204621538349 0.602544912345694 0.79808497580541 0.02921968
564.75 17.7142090370479 9.20825806906835 0.574535066849571 0.818479967354217 0.02921968
565.5 18.1343479950835 9.82939769477764 0.545835487912138 0.837892367870551 0.02921968
566.25 18.532716539144 10.4647194099651 0.516480629582393 0.856298872629281 0.02921968
567 18.9088364249537 11.1134605063849 0.486505732576913 0.873677384490295 0.02921968
567.75 19.26225611791 11.7748421657286 0.455946781973125 0.890007040426284 0.02921968
568.5 19.5925513351533 12.4480703946018 0.424840464008961 0.905268236568948 0.02921968
569.25 19.8993255549219 13.132336977719 0.393224122040768 0.919442651743581 0.02921968
570 20.1822104925793 13.8268204481718 0.361135711712347 0.932513269463775 0.02921968
570.75 20.4408665427423 14.5306870736056 0.328613755388927 0.944464398359826 0.0292196800000001
571.5 20.6749831869797 15.2430918571217 0.295697295910791 0.955281691016345 0.0292196800000001
572.25 20.884279366592 15.9631795517015 0.262425849722073 0.964952161196424 0.02921968
573 21.0685038200244 16.6900856869371 0.228839359430981 0.97346419943171 0.02921968
573.75 21.2274353845079 17.4229376068338 0.194978145858414 0.980807586959653 0.02921968
574.5 21.360883261567 18.1608555174404 0.160882859632527 0.986973507991204 0.02921968
575.25 21.4686872460745 18.9029535430474 0.126594432387361 0.991954560294232 0.02921968
576 21.5507179185788 19.6483407896878 0.0921540276241293 0.995744764079959 0.02921968
576.75 21.6068768006731 20.3961224146609 0.0576029912941385 0.998339569181733 0.02921968
577.5 21.6370964732195 21.1454007007981 0.0229828021626782 0.999735860517543 0.02921968
578.25 21.6413406572855 21.8952761341783 -0.0116649779865308 0.999931961829691 0.02921968
579 21.6196042576981 22.6448484840009 -0.046298754246554 0.998927637697155 0.02921968
579.75 21.5719133691598 23.3932178833192 -0.0808769485222259 0.996724093818211 0.02921968
580.5 21.4983252449221 24.1394859093371 -0.115358049444949 0.993323975562987 0.02921968
581.25 21.3989282280525 24.8827566619724 -0.149700662207389 0.988731364797674 0.02921968
582 21.2738416453779 25.6221378393906 -0.183863558258232 0.982951774984217 0.02921968
582.75 21.123215664232 26.3567418092202 -0.21780572479736 0.975992144561368 0.02921968
583.5 20.9472311121785 27.0856866741613 -0.251486414012004 0.967860828615036 0.02921968
584.25 20.746099259926 27.8080973307099 -0.284865191994789 0.95856758884795 0.02921968
585 20.5200615676961 28.5231065197257 -0.317901987284921 0.948123581860666 0.02921968
585.75 20.2693893953489 29.2298558675827 -0.350557138974268 0.936541345757985 0.02921968
586.5 19.9943836766133 29.9274969166532 -0.38279144432056 0.923834785096871 0.02921968
587.25 19.6953745578142 30.6151921438873 -0.414566205810558 0.910019154193932 0.02921968
588 19.3727210015289 31.2921159662647 -0.4458432776167 0.895111038812503 0.02921968
588.75 19.0268103556509 31.9574557319136 -0.476585111391434 0.879128336251321 0.02921968
589.5 18.658057888375 32.6104126957049 -0.506754801344276 0.862090233858686 0.02921968
590.25 18.2669062896656 33.2502029781511 -0.53631612854748 0.844017185997918 0.02921968
591 17.8538251398039 33.8760585064597 -0.565233604417115 0.824930889491743 0.02921968
591.75 17.4193103456535 34.4872279366098 -0.593472513317362 0.804854257575106 0.02921968
592.5 16.9638835453206 35.0829775553458 -0.620998954236884 0.78381139238767 0.02921968
593.25 16.4880914819241 35.6625921610058 -0.647779881487231 0.761827556039022 0.02921968
594 15.9925053472259 36.225375922126 -0.673783144374427 0.738929140281334 0.02921968
594.75 15.477720095912 36.7706532127912 -0.698977525796101 0.715143634825873 0.02921968
595.5 14.9443537313443 37.2977694237289 -0.723332779717847 0.690499594341411 0.02921968
596.25 14.3930465636437 37.8060917481723 -0.746819667483801 0.665026604174138 0.02921968
597 13.824460440993 38.2950099415489 -0.769409992917857 0.638755244830244 0.02921968
597.75 13.2392779550838 38.7639370540842 -0.791076636173374 0.611717055263805 0.02921968
598.5 12.6382016216598 39.2123101354384 -0.811793586290749 0.583944495014042 0.02921968
599.25 12.0219530371418 39.6395909105326 -0.83153597242376 0.555470905237414 0.02921968
600 11.3912720123465 40.0452664257522 -0.850280093697188 0.526330468681324 0.02921968
